{"/Users/theodoredumont/Documents/Flipted-Hydro/src/App.js": {"path":"/Users/theodoredumont/Documents/Flipted-Hydro/src/App.js","statementMap":{"0":{"start":{"line":17,"column":25},"end":{"line":17,"column":35}},"1":{"start":{"line":20,"column":0},"end":{"line":35,"column":3}},"2":{"start":{"line":38,"column":40},"end":{"line":38,"column":54}},"3":{"start":{"line":39,"column":15},"end":{"line":39,"column":27}},"4":{"start":{"line":48,"column":29},"end":{"line":54,"column":3}},"5":{"start":{"line":49,"column":4},"end":{"line":53,"column":23}},"6":{"start":{"line":51,"column":8},"end":{"line":51,"column":49}},"7":{"start":{"line":63,"column":19},"end":{"line":68,"column":4}},"8":{"start":{"line":69,"column":21},"end":{"line":78,"column":4}},"9":{"start":{"line":70,"column":4},"end":{"line":77,"column":5}},"10":{"start":{"line":71,"column":6},"end":{"line":73,"column":8}},"11":{"start":{"line":72,"column":8},"end":{"line":72,"column":30}},"12":{"start":{"line":74,"column":6},"end":{"line":76,"column":8}},"13":{"start":{"line":82,"column":17},"end":{"line":96,"column":4}},"14":{"start":{"line":99,"column":25},"end":{"line":110,"column":3}},"15":{"start":{"line":101,"column":4},"end":{"line":101,"column":47}},"16":{"start":{"line":101,"column":20},"end":{"line":101,"column":47}},"17":{"start":{"line":103,"column":4},"end":{"line":109,"column":6}},"18":{"start":{"line":107,"column":31},"end":{"line":107,"column":53}},"19":{"start":{"line":112,"column":16},"end":{"line":117,"column":3}},"20":{"start":{"line":113,"column":4},"end":{"line":113,"column":26}},"21":{"start":{"line":114,"column":4},"end":{"line":116,"column":7}},"22":{"start":{"line":119,"column":17},"end":{"line":124,"column":3}},"23":{"start":{"line":120,"column":4},"end":{"line":120,"column":25}},"24":{"start":{"line":121,"column":4},"end":{"line":123,"column":7}},"25":{"start":{"line":134,"column":2},"end":{"line":158,"column":9}},"26":{"start":{"line":135,"column":4},"end":{"line":156,"column":7}},"27":{"start":{"line":136,"column":6},"end":{"line":155,"column":7}},"28":{"start":{"line":138,"column":10},"end":{"line":138,"column":57}},"29":{"start":{"line":139,"column":10},"end":{"line":139,"column":28}},"30":{"start":{"line":140,"column":10},"end":{"line":140,"column":16}},"31":{"start":{"line":142,"column":10},"end":{"line":142,"column":57}},"32":{"start":{"line":143,"column":10},"end":{"line":143,"column":16}},"33":{"start":{"line":145,"column":10},"end":{"line":145,"column":19}},"34":{"start":{"line":146,"column":10},"end":{"line":146,"column":16}},"35":{"start":{"line":148,"column":10},"end":{"line":148,"column":44}},"36":{"start":{"line":149,"column":10},"end":{"line":149,"column":16}},"37":{"start":{"line":151,"column":10},"end":{"line":151,"column":58}},"38":{"start":{"line":152,"column":10},"end":{"line":152,"column":16}},"39":{"start":{"line":154,"column":10},"end":{"line":154,"column":16}},"40":{"start":{"line":157,"column":4},"end":{"line":157,"column":25}},"41":{"start":{"line":160,"column":2},"end":{"line":191,"column":4}},"42":{"start":{"line":168,"column":32},"end":{"line":168,"column":54}},"43":{"start":{"line":172,"column":34},"end":{"line":172,"column":48}}},"fnMap":{"0":{"name":"App","decl":{"start":{"line":37,"column":9},"end":{"line":37,"column":12}},"loc":{"start":{"line":37,"column":15},"end":{"line":192,"column":1}},"line":37},"1":{"name":"(anonymous_1)","decl":{"start":{"line":48,"column":29},"end":{"line":48,"column":30}},"loc":{"start":{"line":48,"column":35},"end":{"line":54,"column":3}},"line":48},"2":{"name":"(anonymous_2)","decl":{"start":{"line":50,"column":12},"end":{"line":50,"column":13}},"loc":{"start":{"line":50,"column":23},"end":{"line":52,"column":7}},"line":50},"3":{"name":"(anonymous_3)","decl":{"start":{"line":53,"column":13},"end":{"line":53,"column":14}},"loc":{"start":{"line":53,"column":19},"end":{"line":53,"column":21}},"line":53},"4":{"name":"(anonymous_4)","decl":{"start":{"line":69,"column":29},"end":{"line":69,"column":30}},"loc":{"start":{"line":69,"column":66},"end":{"line":78,"column":3}},"line":69},"5":{"name":"(anonymous_5)","decl":{"start":{"line":71,"column":28},"end":{"line":71,"column":29}},"loc":{"start":{"line":71,"column":62},"end":{"line":73,"column":7}},"line":71},"6":{"name":"(anonymous_6)","decl":{"start":{"line":99,"column":25},"end":{"line":99,"column":26}},"loc":{"start":{"line":99,"column":31},"end":{"line":110,"column":3}},"line":99},"7":{"name":"(anonymous_7)","decl":{"start":{"line":107,"column":25},"end":{"line":107,"column":26}},"loc":{"start":{"line":107,"column":31},"end":{"line":107,"column":53}},"line":107},"8":{"name":"(anonymous_8)","decl":{"start":{"line":112,"column":16},"end":{"line":112,"column":17}},"loc":{"start":{"line":112,"column":27},"end":{"line":117,"column":3}},"line":112},"9":{"name":"(anonymous_9)","decl":{"start":{"line":119,"column":17},"end":{"line":119,"column":18}},"loc":{"start":{"line":119,"column":23},"end":{"line":124,"column":3}},"line":119},"10":{"name":"(anonymous_10)","decl":{"start":{"line":134,"column":12},"end":{"line":134,"column":13}},"loc":{"start":{"line":134,"column":18},"end":{"line":158,"column":3}},"line":134},"11":{"name":"(anonymous_11)","decl":{"start":{"line":135,"column":23},"end":{"line":135,"column":24}},"loc":{"start":{"line":135,"column":57},"end":{"line":156,"column":5}},"line":135},"12":{"name":"(anonymous_12)","decl":{"start":{"line":168,"column":26},"end":{"line":168,"column":27}},"loc":{"start":{"line":168,"column":32},"end":{"line":168,"column":54}},"line":168},"13":{"name":"(anonymous_13)","decl":{"start":{"line":172,"column":28},"end":{"line":172,"column":29}},"loc":{"start":{"line":172,"column":34},"end":{"line":172,"column":48}},"line":172}},"branchMap":{"0":{"loc":{"start":{"line":66,"column":21},"end":{"line":66,"column":74}},"type":"cond-expr","locations":[{"start":{"line":66,"column":42},"end":{"line":66,"column":46}},{"start":{"line":66,"column":49},"end":{"line":66,"column":74}}],"line":66},"1":{"loc":{"start":{"line":70,"column":4},"end":{"line":77,"column":5}},"type":"if","locations":[{"start":{"line":70,"column":4},"end":{"line":77,"column":5}},{"start":{"line":70,"column":4},"end":{"line":77,"column":5}}],"line":70},"2":{"loc":{"start":{"line":93,"column":21},"end":{"line":93,"column":74}},"type":"cond-expr","locations":[{"start":{"line":93,"column":42},"end":{"line":93,"column":46}},{"start":{"line":93,"column":49},"end":{"line":93,"column":74}}],"line":93},"3":{"loc":{"start":{"line":101,"column":4},"end":{"line":101,"column":47}},"type":"if","locations":[{"start":{"line":101,"column":4},"end":{"line":101,"column":47}},{"start":{"line":101,"column":4},"end":{"line":101,"column":47}}],"line":101},"4":{"loc":{"start":{"line":136,"column":6},"end":{"line":155,"column":7}},"type":"switch","locations":[{"start":{"line":137,"column":8},"end":{"line":140,"column":16}},{"start":{"line":141,"column":8},"end":{"line":143,"column":16}},{"start":{"line":144,"column":8},"end":{"line":146,"column":16}},{"start":{"line":147,"column":8},"end":{"line":149,"column":16}},{"start":{"line":150,"column":8},"end":{"line":152,"column":16}},{"start":{"line":153,"column":8},"end":{"line":154,"column":16}}],"line":136},"5":{"loc":{"start":{"line":166,"column":9},"end":{"line":173,"column":16}},"type":"cond-expr","locations":[{"start":{"line":168,"column":10},"end":{"line":168,"column":72}},{"start":{"line":170,"column":10},"end":{"line":173,"column":16}}],"line":166}},"s":{"0":0,"1":0,"2":0,"3":0,"4":0,"5":0,"6":0,"7":0,"8":0,"9":0,"10":0,"11":0,"12":0,"13":0,"14":0,"15":0,"16":0,"17":0,"18":0,"19":0,"20":0,"21":0,"22":0,"23":0,"24":0,"25":0,"26":0,"27":0,"28":0,"29":0,"30":0,"31":0,"32":0,"33":0,"34":0,"35":0,"36":0,"37":0,"38":0,"39":0,"40":0,"41":0,"42":0,"43":0},"f":{"0":0,"1":0,"2":0,"3":0,"4":0,"5":0,"6":0,"7":0,"8":0,"9":0,"10":0,"11":0,"12":0,"13":0},"b":{"0":[0,0],"1":[0,0],"2":[0,0],"3":[0,0],"4":[0,0,0,0,0,0],"5":[0,0]}}
,"/Users/theodoredumont/Documents/Flipted-Hydro/src/Components/CourseScreen.js": {"path":"/Users/theodoredumont/Documents/Flipted-Hydro/src/Components/CourseScreen.js","statementMap":{"0":{"start":{"line":9,"column":43},"end":{"line":9,"column":68}},"1":{"start":{"line":10,"column":26},"end":{"line":10,"column":38}},"2":{"start":{"line":11,"column":22},"end":{"line":11,"column":45}},"3":{"start":{"line":12,"column":25},"end":{"line":12,"column":51}},"4":{"start":{"line":14,"column":19},"end":{"line":26,"column":3}},"5":{"start":{"line":15,"column":4},"end":{"line":15,"column":27}},"6":{"start":{"line":16,"column":4},"end":{"line":25,"column":5}},"7":{"start":{"line":17,"column":6},"end":{"line":21,"column":9}},"8":{"start":{"line":18,"column":8},"end":{"line":18,"column":20}},"9":{"start":{"line":19,"column":8},"end":{"line":19,"column":18}},"10":{"start":{"line":20,"column":8},"end":{"line":20,"column":32}},"11":{"start":{"line":23,"column":6},"end":{"line":23,"column":25}},"12":{"start":{"line":24,"column":6},"end":{"line":24,"column":22}},"13":{"start":{"line":28,"column":29},"end":{"line":39,"column":3}},"14":{"start":{"line":29,"column":4},"end":{"line":29,"column":50}},"15":{"start":{"line":30,"column":4},"end":{"line":38,"column":5}},"16":{"start":{"line":31,"column":6},"end":{"line":34,"column":9}},"17":{"start":{"line":32,"column":8},"end":{"line":32,"column":18}},"18":{"start":{"line":33,"column":8},"end":{"line":33,"column":32}},"19":{"start":{"line":36,"column":6},"end":{"line":36,"column":25}},"20":{"start":{"line":37,"column":6},"end":{"line":37,"column":22}},"21":{"start":{"line":41,"column":28},"end":{"line":56,"column":3}},"22":{"start":{"line":43,"column":4},"end":{"line":43,"column":42}},"23":{"start":{"line":43,"column":17},"end":{"line":43,"column":42}},"24":{"start":{"line":44,"column":4},"end":{"line":47,"column":5}},"25":{"start":{"line":45,"column":6},"end":{"line":45,"column":25}},"26":{"start":{"line":46,"column":6},"end":{"line":46,"column":29}},"27":{"start":{"line":49,"column":4},"end":{"line":55,"column":7}},"28":{"start":{"line":50,"column":6},"end":{"line":54,"column":12}},"29":{"start":{"line":58,"column":2},"end":{"line":75,"column":4}},"30":{"start":{"line":69,"column":87},"end":{"line":69,"column":114}}},"fnMap":{"0":{"name":"CourseScreen","decl":{"start":{"line":7,"column":9},"end":{"line":7,"column":21}},"loc":{"start":{"line":7,"column":24},"end":{"line":76,"column":1}},"line":7},"1":{"name":"(anonymous_1)","decl":{"start":{"line":14,"column":19},"end":{"line":14,"column":20}},"loc":{"start":{"line":14,"column":36},"end":{"line":26,"column":3}},"line":14},"2":{"name":"(anonymous_2)","decl":{"start":{"line":17,"column":52},"end":{"line":17,"column":53}},"loc":{"start":{"line":17,"column":64},"end":{"line":21,"column":7}},"line":17},"3":{"name":"(anonymous_3)","decl":{"start":{"line":28,"column":29},"end":{"line":28,"column":30}},"loc":{"start":{"line":28,"column":40},"end":{"line":39,"column":3}},"line":28},"4":{"name":"(anonymous_4)","decl":{"start":{"line":31,"column":87},"end":{"line":31,"column":88}},"loc":{"start":{"line":31,"column":99},"end":{"line":34,"column":7}},"line":31},"5":{"name":"(anonymous_5)","decl":{"start":{"line":41,"column":28},"end":{"line":41,"column":29}},"loc":{"start":{"line":41,"column":54},"end":{"line":56,"column":3}},"line":41},"6":{"name":"(anonymous_6)","decl":{"start":{"line":49,"column":28},"end":{"line":49,"column":29}},"loc":{"start":{"line":50,"column":6},"end":{"line":54,"column":12}},"line":50},"7":{"name":"(anonymous_7)","decl":{"start":{"line":69,"column":78},"end":{"line":69,"column":79}},"loc":{"start":{"line":69,"column":87},"end":{"line":69,"column":114}},"line":69}},"branchMap":{"0":{"loc":{"start":{"line":43,"column":4},"end":{"line":43,"column":42}},"type":"if","locations":[{"start":{"line":43,"column":4},"end":{"line":43,"column":42}},{"start":{"line":43,"column":4},"end":{"line":43,"column":42}}],"line":43},"1":{"loc":{"start":{"line":44,"column":4},"end":{"line":47,"column":5}},"type":"if","locations":[{"start":{"line":44,"column":4},"end":{"line":47,"column":5}},{"start":{"line":44,"column":4},"end":{"line":47,"column":5}}],"line":44}},"s":{"0":0,"1":0,"2":0,"3":0,"4":0,"5":0,"6":0,"7":0,"8":0,"9":0,"10":0,"11":0,"12":0,"13":0,"14":0,"15":0,"16":0,"17":0,"18":0,"19":0,"20":0,"21":0,"22":0,"23":0,"24":0,"25":0,"26":0,"27":0,"28":0,"29":0,"30":0},"f":{"0":0,"1":0,"2":0,"3":0,"4":0,"5":0,"6":0,"7":0},"b":{"0":[0,0],"1":[0,0]}}
,"/Users/theodoredumont/Documents/Flipted-Hydro/src/Components/FRQuestion.js": {"path":"/Users/theodoredumont/Documents/Flipted-Hydro/src/Components/FRQuestion.js","statementMap":{"0":{"start":{"line":8,"column":35},"end":{"line":8,"column":65}},"1":{"start":{"line":9,"column":25},"end":{"line":9,"column":33}},"2":{"start":{"line":10,"column":28},"end":{"line":37,"column":4}},"3":{"start":{"line":13,"column":27},"end":{"line":16,"column":7}},"4":{"start":{"line":18,"column":6},"end":{"line":35,"column":9}},"5":{"start":{"line":21,"column":33},"end":{"line":31,"column":14}},"6":{"start":{"line":32,"column":12},"end":{"line":32,"column":95}},"7":{"start":{"line":40,"column":4},"end":{"line":47,"column":6}},"8":{"start":{"line":51,"column":20},"end":{"line":53,"column":3}},"9":{"start":{"line":52,"column":4},"end":{"line":52,"column":32}},"10":{"start":{"line":55,"column":17},"end":{"line":59,"column":3}},"11":{"start":{"line":56,"column":4},"end":{"line":56,"column":37}},"12":{"start":{"line":57,"column":4},"end":{"line":57,"column":44}},"13":{"start":{"line":58,"column":4},"end":{"line":58,"column":33}},"14":{"start":{"line":61,"column":4},"end":{"line":74,"column":6}}},"fnMap":{"0":{"name":"FRQuestion","decl":{"start":{"line":7,"column":9},"end":{"line":7,"column":19}},"loc":{"start":{"line":7,"column":27},"end":{"line":75,"column":2}},"line":7},"1":{"name":"(anonymous_1)","decl":{"start":{"line":11,"column":4},"end":{"line":11,"column":5}},"loc":{"start":{"line":11,"column":18},"end":{"line":36,"column":5}},"line":11},"2":{"name":"(anonymous_2)","decl":{"start":{"line":20,"column":10},"end":{"line":20,"column":11}},"loc":{"start":{"line":20,"column":58},"end":{"line":33,"column":11}},"line":20},"3":{"name":"saveResponse","decl":{"start":{"line":39,"column":12},"end":{"line":39,"column":24}},"loc":{"start":{"line":39,"column":31},"end":{"line":48,"column":3}},"line":39},"4":{"name":"(anonymous_4)","decl":{"start":{"line":51,"column":20},"end":{"line":51,"column":21}},"loc":{"start":{"line":51,"column":25},"end":{"line":53,"column":3}},"line":51},"5":{"name":"(anonymous_5)","decl":{"start":{"line":55,"column":17},"end":{"line":55,"column":18}},"loc":{"start":{"line":55,"column":22},"end":{"line":59,"column":3}},"line":55}},"branchMap":{"0":{"loc":{"start":{"line":20,"column":35},"end":{"line":20,"column":56}},"type":"default-arg","locations":[{"start":{"line":20,"column":54},"end":{"line":20,"column":56}}],"line":20}},"s":{"0":0,"1":0,"2":0,"3":0,"4":0,"5":0,"6":0,"7":0,"8":0,"9":0,"10":0,"11":0,"12":0,"13":0,"14":0},"f":{"0":0,"1":0,"2":0,"3":0,"4":0,"5":0},"b":{"0":[0]}}
,"/Users/theodoredumont/Documents/Flipted-Hydro/src/Components/FillBlank.js": {"path":"/Users/theodoredumont/Documents/Flipted-Hydro/src/Components/FillBlank.js","statementMap":{"0":{"start":{"line":7,"column":27},"end":{"line":7,"column":39}},"1":{"start":{"line":8,"column":21},"end":{"line":10,"column":4}},"2":{"start":{"line":9,"column":5},"end":{"line":9,"column":25}},"3":{"start":{"line":12,"column":20},"end":{"line":15,"column":20}},"4":{"start":{"line":17,"column":19},"end":{"line":19,"column":4}},"5":{"start":{"line":18,"column":4},"end":{"line":18,"column":141}},"6":{"start":{"line":18,"column":33},"end":{"line":18,"column":138}},"7":{"start":{"line":18,"column":108},"end":{"line":18,"column":135}},"8":{"start":{"line":21,"column":4},"end":{"line":34,"column":6}}},"fnMap":{"0":{"name":"FillBlank","decl":{"start":{"line":5,"column":9},"end":{"line":5,"column":18}},"loc":{"start":{"line":5,"column":21},"end":{"line":35,"column":2}},"line":5},"1":{"name":"(anonymous_1)","decl":{"start":{"line":8,"column":21},"end":{"line":8,"column":22}},"loc":{"start":{"line":8,"column":38},"end":{"line":10,"column":4}},"line":8},"2":{"name":"(anonymous_2)","decl":{"start":{"line":17,"column":19},"end":{"line":17,"column":20}},"loc":{"start":{"line":17,"column":29},"end":{"line":19,"column":4}},"line":17},"3":{"name":"(anonymous_3)","decl":{"start":{"line":18,"column":20},"end":{"line":18,"column":21}},"loc":{"start":{"line":18,"column":33},"end":{"line":18,"column":138}},"line":18},"4":{"name":"(anonymous_4)","decl":{"start":{"line":18,"column":99},"end":{"line":18,"column":100}},"loc":{"start":{"line":18,"column":108},"end":{"line":18,"column":135}},"line":18}},"branchMap":{},"s":{"0":0,"1":0,"2":0,"3":0,"4":0,"5":0,"6":0,"7":0,"8":0},"f":{"0":0,"1":0,"2":0,"3":0,"4":0},"b":{}}
,"/Users/theodoredumont/Documents/Flipted-Hydro/src/Components/Goal.js": {"path":"/Users/theodoredumont/Documents/Flipted-Hydro/src/Components/Goal.js","statementMap":{"0":{"start":{"line":8,"column":2},"end":{"line":18,"column":3}},"1":{"start":{"line":11,"column":6},"end":{"line":16,"column":7}},"2":{"start":{"line":24,"column":24},"end":{"line":24,"column":57}},"3":{"start":{"line":25,"column":26},"end":{"line":25,"column":82}},"4":{"start":{"line":27,"column":27},"end":{"line":47,"column":3}},"5":{"start":{"line":34,"column":6},"end":{"line":40,"column":7}},"6":{"start":{"line":49,"column":21},"end":{"line":78,"column":4}},"7":{"start":{"line":53,"column":25},"end":{"line":56,"column":7}},"8":{"start":{"line":58,"column":6},"end":{"line":76,"column":9}},"9":{"start":{"line":82,"column":4},"end":{"line":93,"column":5}},"10":{"start":{"line":85,"column":8},"end":{"line":91,"column":9}},"11":{"start":{"line":95,"column":4},"end":{"line":102,"column":6}},"12":{"start":{"line":103,"column":4},"end":{"line":103,"column":48}},"13":{"start":{"line":104,"column":4},"end":{"line":104,"column":18}},"14":{"start":{"line":109,"column":4},"end":{"line":112,"column":5}},"15":{"start":{"line":114,"column":4},"end":{"line":121,"column":6}},"16":{"start":{"line":126,"column":4},"end":{"line":132,"column":6}},"17":{"start":{"line":130,"column":78},"end":{"line":130,"column":112}},"18":{"start":{"line":137,"column":4},"end":{"line":139,"column":7}},"19":{"start":{"line":138,"column":6},"end":{"line":138,"column":60}},"20":{"start":{"line":143,"column":4},"end":{"line":143,"column":65}},"21":{"start":{"line":144,"column":4},"end":{"line":144,"column":19}},"22":{"start":{"line":147,"column":2},"end":{"line":156,"column":4}},"23":{"start":{"line":152,"column":80},"end":{"line":152,"column":106}}},"fnMap":{"0":{"name":"strip_subgoal_id","decl":{"start":{"line":7,"column":9},"end":{"line":7,"column":25}},"loc":{"start":{"line":7,"column":45},"end":{"line":19,"column":1}},"line":7},"1":{"name":"(anonymous_1)","decl":{"start":{"line":10,"column":46},"end":{"line":10,"column":47}},"loc":{"start":{"line":10,"column":57},"end":{"line":17,"column":5}},"line":10},"2":{"name":"Goal","decl":{"start":{"line":22,"column":9},"end":{"line":22,"column":13}},"loc":{"start":{"line":22,"column":20},"end":{"line":157,"column":1}},"line":22},"3":{"name":"(anonymous_3)","decl":{"start":{"line":33,"column":38},"end":{"line":33,"column":39}},"loc":{"start":{"line":33,"column":58},"end":{"line":41,"column":5}},"line":33},"4":{"name":"(anonymous_4)","decl":{"start":{"line":51,"column":4},"end":{"line":51,"column":5}},"loc":{"start":{"line":51,"column":50},"end":{"line":77,"column":5}},"line":51},"5":{"name":"handleCompleteSubGoal","decl":{"start":{"line":80,"column":11},"end":{"line":80,"column":32}},"loc":{"start":{"line":80,"column":44},"end":{"line":105,"column":3}},"line":80},"6":{"name":"(anonymous_6)","decl":{"start":{"line":84,"column":48},"end":{"line":84,"column":49}},"loc":{"start":{"line":84,"column":61},"end":{"line":92,"column":7}},"line":84},"7":{"name":"handleStarGoal","decl":{"start":{"line":107,"column":11},"end":{"line":107,"column":25}},"loc":{"start":{"line":107,"column":32},"end":{"line":122,"column":3}},"line":107},"8":{"name":"SubGoal","decl":{"start":{"line":125,"column":11},"end":{"line":125,"column":18}},"loc":{"start":{"line":125,"column":25},"end":{"line":133,"column":3}},"line":125},"9":{"name":"(anonymous_9)","decl":{"start":{"line":130,"column":72},"end":{"line":130,"column":73}},"loc":{"start":{"line":130,"column":78},"end":{"line":130,"column":112}},"line":130},"10":{"name":"SubGoalList","decl":{"start":{"line":136,"column":11},"end":{"line":136,"column":22}},"loc":{"start":{"line":136,"column":30},"end":{"line":140,"column":3}},"line":136},"11":{"name":"(anonymous_11)","decl":{"start":{"line":137,"column":32},"end":{"line":137,"column":33}},"loc":{"start":{"line":138,"column":6},"end":{"line":138,"column":60}},"line":138},"12":{"name":"toggleOpenGoal","decl":{"start":{"line":142,"column":11},"end":{"line":142,"column":25}},"loc":{"start":{"line":142,"column":27},"end":{"line":145,"column":3}},"line":142},"13":{"name":"(anonymous_13)","decl":{"start":{"line":152,"column":74},"end":{"line":152,"column":75}},"loc":{"start":{"line":152,"column":80},"end":{"line":152,"column":106}},"line":152}},"branchMap":{"0":{"loc":{"start":{"line":89,"column":21},"end":{"line":89,"column":88}},"type":"cond-expr","locations":[{"start":{"line":89,"column":48},"end":{"line":89,"column":68}},{"start":{"line":89,"column":71},"end":{"line":89,"column":88}}],"line":89},"1":{"loc":{"start":{"line":127,"column":22},"end":{"line":127,"column":68}},"type":"cond-expr","locations":[{"start":{"line":127,"column":43},"end":{"line":127,"column":56}},{"start":{"line":127,"column":59},"end":{"line":127,"column":68}}],"line":127},"2":{"loc":{"start":{"line":130,"column":115},"end":{"line":130,"column":144}},"type":"cond-expr","locations":[{"start":{"line":130,"column":136},"end":{"line":130,"column":139}},{"start":{"line":130,"column":142},"end":{"line":130,"column":144}}],"line":130},"3":{"loc":{"start":{"line":143,"column":40},"end":{"line":143,"column":63}},"type":"cond-expr","locations":[{"start":{"line":143,"column":46},"end":{"line":143,"column":54}},{"start":{"line":143,"column":57},"end":{"line":143,"column":63}}],"line":143},"4":{"loc":{"start":{"line":150,"column":66},"end":{"line":150,"column":82}},"type":"cond-expr","locations":[{"start":{"line":150,"column":73},"end":{"line":150,"column":76}},{"start":{"line":150,"column":79},"end":{"line":150,"column":82}}],"line":150},"5":{"loc":{"start":{"line":152,"column":109},"end":{"line":152,"column":140}},"type":"cond-expr","locations":[{"start":{"line":152,"column":132},"end":{"line":152,"column":135}},{"start":{"line":152,"column":138},"end":{"line":152,"column":140}}],"line":152},"6":{"loc":{"start":{"line":154,"column":7},"end":{"line":154,"column":59}},"type":"cond-expr","locations":[{"start":{"line":154,"column":14},"end":{"line":154,"column":51}},{"start":{"line":154,"column":55},"end":{"line":154,"column":59}}],"line":154}},"s":{"0":0,"1":0,"2":0,"3":0,"4":0,"5":0,"6":0,"7":0,"8":0,"9":0,"10":0,"11":0,"12":0,"13":0,"14":0,"15":0,"16":0,"17":0,"18":0,"19":0,"20":0,"21":0,"22":0,"23":0},"f":{"0":0,"1":0,"2":0,"3":0,"4":0,"5":0,"6":0,"7":0,"8":0,"9":0,"10":0,"11":0,"12":0,"13":0},"b":{"0":[0,0],"1":[0,0],"2":[0,0],"3":[0,0],"4":[0,0],"5":[0,0],"6":[0,0]}}
,"/Users/theodoredumont/Documents/Flipted-Hydro/src/Components/GoalForm.js": {"path":"/Users/theodoredumont/Documents/Flipted-Hydro/src/Components/GoalForm.js","statementMap":{"0":{"start":{"line":8,"column":18},"end":{"line":15,"column":3}},"1":{"start":{"line":8,"column":41},"end":{"line":15,"column":1}},"2":{"start":{"line":19,"column":28},"end":{"line":19,"column":40}},"3":{"start":{"line":20,"column":34},"end":{"line":20,"column":46}},"4":{"start":{"line":21,"column":34},"end":{"line":21,"column":46}},"5":{"start":{"line":22,"column":32},"end":{"line":22,"column":44}},"6":{"start":{"line":25,"column":34},"end":{"line":25,"column":46}},"7":{"start":{"line":26,"column":32},"end":{"line":26,"column":44}},"8":{"start":{"line":27,"column":23},"end":{"line":27,"column":55}},"9":{"start":{"line":31,"column":4},"end":{"line":42,"column":6}},"10":{"start":{"line":46,"column":4},"end":{"line":50,"column":5}},"11":{"start":{"line":47,"column":6},"end":{"line":47,"column":88}},"12":{"start":{"line":48,"column":6},"end":{"line":48,"column":22}},"13":{"start":{"line":49,"column":6},"end":{"line":49,"column":21}},"14":{"start":{"line":54,"column":4},"end":{"line":60,"column":5}},"15":{"start":{"line":55,"column":6},"end":{"line":55,"column":56}},"16":{"start":{"line":56,"column":6},"end":{"line":56,"column":19}},"17":{"start":{"line":57,"column":6},"end":{"line":57,"column":22}},"18":{"start":{"line":58,"column":6},"end":{"line":58,"column":21}},"19":{"start":{"line":59,"column":6},"end":{"line":59,"column":22}},"20":{"start":{"line":63,"column":18},"end":{"line":63,"column":29}},"21":{"start":{"line":65,"column":2},"end":{"line":94,"column":3}},"22":{"start":{"line":71,"column":43},"end":{"line":71,"column":71}},"23":{"start":{"line":73,"column":46},"end":{"line":73,"column":77}},"24":{"start":{"line":75,"column":45},"end":{"line":75,"column":75}},"25":{"start":{"line":78,"column":46},"end":{"line":78,"column":77}},"26":{"start":{"line":80,"column":45},"end":{"line":80,"column":75}},"27":{"start":{"line":86,"column":8},"end":{"line":86,"column":38}}},"fnMap":{"0":{"name":"(anonymous_0)","decl":{"start":{"line":8,"column":29},"end":{"line":8,"column":30}},"loc":{"start":{"line":8,"column":41},"end":{"line":15,"column":1}},"line":8},"1":{"name":"GoalForm","decl":{"start":{"line":17,"column":9},"end":{"line":17,"column":17}},"loc":{"start":{"line":17,"column":20},"end":{"line":95,"column":1}},"line":17},"2":{"name":"submitNewGoal","decl":{"start":{"line":29,"column":11},"end":{"line":29,"column":24}},"loc":{"start":{"line":29,"column":62},"end":{"line":43,"column":3}},"line":29},"3":{"name":"handleAddSubgoal","decl":{"start":{"line":45,"column":11},"end":{"line":45,"column":27}},"loc":{"start":{"line":45,"column":30},"end":{"line":51,"column":3}},"line":45},"4":{"name":"handleAddGoal","decl":{"start":{"line":53,"column":11},"end":{"line":53,"column":24}},"loc":{"start":{"line":53,"column":27},"end":{"line":61,"column":3}},"line":53},"5":{"name":"(anonymous_5)","decl":{"start":{"line":71,"column":34},"end":{"line":71,"column":35}},"loc":{"start":{"line":71,"column":43},"end":{"line":71,"column":71}},"line":71},"6":{"name":"(anonymous_6)","decl":{"start":{"line":73,"column":37},"end":{"line":73,"column":38}},"loc":{"start":{"line":73,"column":46},"end":{"line":73,"column":77}},"line":73},"7":{"name":"(anonymous_7)","decl":{"start":{"line":75,"column":36},"end":{"line":75,"column":37}},"loc":{"start":{"line":75,"column":45},"end":{"line":75,"column":75}},"line":75},"8":{"name":"(anonymous_8)","decl":{"start":{"line":78,"column":37},"end":{"line":78,"column":38}},"loc":{"start":{"line":78,"column":46},"end":{"line":78,"column":77}},"line":78},"9":{"name":"(anonymous_9)","decl":{"start":{"line":80,"column":36},"end":{"line":80,"column":37}},"loc":{"start":{"line":80,"column":45},"end":{"line":80,"column":75}},"line":80},"10":{"name":"(anonymous_10)","decl":{"start":{"line":85,"column":22},"end":{"line":85,"column":23}},"loc":{"start":{"line":86,"column":8},"end":{"line":86,"column":38}},"line":86}},"branchMap":{"0":{"loc":{"start":{"line":46,"column":4},"end":{"line":50,"column":5}},"type":"if","locations":[{"start":{"line":46,"column":4},"end":{"line":50,"column":5}},{"start":{"line":46,"column":4},"end":{"line":50,"column":5}}],"line":46},"1":{"loc":{"start":{"line":46,"column":8},"end":{"line":46,"column":39}},"type":"binary-expr","locations":[{"start":{"line":46,"column":8},"end":{"line":46,"column":22}},{"start":{"line":46,"column":26},"end":{"line":46,"column":39}}],"line":46},"2":{"loc":{"start":{"line":54,"column":4},"end":{"line":60,"column":5}},"type":"if","locations":[{"start":{"line":54,"column":4},"end":{"line":60,"column":5}},{"start":{"line":54,"column":4},"end":{"line":60,"column":5}}],"line":54},"3":{"loc":{"start":{"line":54,"column":8},"end":{"line":54,"column":60}},"type":"binary-expr","locations":[{"start":{"line":54,"column":8},"end":{"line":54,"column":19}},{"start":{"line":54,"column":23},"end":{"line":54,"column":36}},{"start":{"line":54,"column":40},"end":{"line":54,"column":60}}],"line":54}},"s":{"0":0,"1":0,"2":0,"3":0,"4":0,"5":0,"6":0,"7":0,"8":0,"9":0,"10":0,"11":0,"12":0,"13":0,"14":0,"15":0,"16":0,"17":0,"18":0,"19":0,"20":0,"21":0,"22":0,"23":0,"24":0,"25":0,"26":0,"27":0},"f":{"0":0,"1":0,"2":0,"3":0,"4":0,"5":0,"6":0,"7":0,"8":0,"9":0,"10":0},"b":{"0":[0,0],"1":[0,0],"2":[0,0],"3":[0,0,0]}}
,"/Users/theodoredumont/Documents/Flipted-Hydro/src/Components/GoalList.js": {"path":"/Users/theodoredumont/Documents/Flipted-Hydro/src/Components/GoalList.js","statementMap":{"0":{"start":{"line":11,"column":42},"end":{"line":11,"column":65}},"1":{"start":{"line":14,"column":46},"end":{"line":14,"column":58}},"2":{"start":{"line":16,"column":40},"end":{"line":16,"column":55}},"3":{"start":{"line":18,"column":2},"end":{"line":20,"column":3}},"4":{"start":{"line":19,"column":4},"end":{"line":19,"column":27}},"5":{"start":{"line":21,"column":2},"end":{"line":23,"column":3}},"6":{"start":{"line":22,"column":4},"end":{"line":22,"column":25}},"7":{"start":{"line":25,"column":16},"end":{"line":25,"column":32}},"8":{"start":{"line":26,"column":24},"end":{"line":26,"column":56}},"9":{"start":{"line":26,"column":42},"end":{"line":26,"column":55}},"10":{"start":{"line":30,"column":28},"end":{"line":30,"column":43}},"11":{"start":{"line":32,"column":4},"end":{"line":37,"column":14}},"12":{"start":{"line":34,"column":70},"end":{"line":34,"column":84}},"13":{"start":{"line":41,"column":4},"end":{"line":48,"column":5}},"14":{"start":{"line":44,"column":8},"end":{"line":44,"column":124}},"15":{"start":{"line":44,"column":76},"end":{"line":44,"column":103}},"16":{"start":{"line":46,"column":73},"end":{"line":46,"column":94}},"17":{"start":{"line":55,"column":4},"end":{"line":57,"column":7}},"18":{"start":{"line":55,"column":52},"end":{"line":55,"column":127}},"19":{"start":{"line":56,"column":6},"end":{"line":56,"column":39}},"20":{"start":{"line":61,"column":4},"end":{"line":63,"column":7}},"21":{"start":{"line":61,"column":52},"end":{"line":61,"column":130}},"22":{"start":{"line":62,"column":6},"end":{"line":62,"column":39}},"23":{"start":{"line":69,"column":4},"end":{"line":84,"column":6}},"24":{"start":{"line":72,"column":69},"end":{"line":72,"column":89}},"25":{"start":{"line":88,"column":4},"end":{"line":88,"column":14}},"26":{"start":{"line":89,"column":4},"end":{"line":89,"column":26}},"27":{"start":{"line":93,"column":4},"end":{"line":100,"column":6}},"28":{"start":{"line":103,"column":2},"end":{"line":107,"column":4}}},"fnMap":{"0":{"name":"GoalList","decl":{"start":{"line":9,"column":9},"end":{"line":9,"column":17}},"loc":{"start":{"line":9,"column":20},"end":{"line":108,"column":1}},"line":9},"1":{"name":"(anonymous_1)","decl":{"start":{"line":26,"column":34},"end":{"line":26,"column":35}},"loc":{"start":{"line":26,"column":42},"end":{"line":26,"column":55}},"line":26},"2":{"name":"DropDown","decl":{"start":{"line":29,"column":11},"end":{"line":29,"column":19}},"loc":{"start":{"line":29,"column":22},"end":{"line":38,"column":3}},"line":29},"3":{"name":"(anonymous_3)","decl":{"start":{"line":34,"column":66},"end":{"line":34,"column":67}},"loc":{"start":{"line":34,"column":70},"end":{"line":34,"column":84}},"line":34},"4":{"name":"DisplayDropDownList","decl":{"start":{"line":40,"column":11},"end":{"line":40,"column":30}},"loc":{"start":{"line":40,"column":32},"end":{"line":49,"column":3}},"line":40},"5":{"name":"(anonymous_5)","decl":{"start":{"line":43,"column":27},"end":{"line":43,"column":28}},"loc":{"start":{"line":44,"column":8},"end":{"line":44,"column":124}},"line":44},"6":{"name":"(anonymous_6)","decl":{"start":{"line":44,"column":72},"end":{"line":44,"column":73}},"loc":{"start":{"line":44,"column":76},"end":{"line":44,"column":103}},"line":44},"7":{"name":"(anonymous_7)","decl":{"start":{"line":46,"column":69},"end":{"line":46,"column":70}},"loc":{"start":{"line":46,"column":73},"end":{"line":46,"column":94}},"line":46},"8":{"name":"StarredGoalList","decl":{"start":{"line":54,"column":11},"end":{"line":54,"column":26}},"loc":{"start":{"line":54,"column":29},"end":{"line":58,"column":3}},"line":54},"9":{"name":"(anonymous_9)","decl":{"start":{"line":55,"column":24},"end":{"line":55,"column":25}},"loc":{"start":{"line":55,"column":51},"end":{"line":55,"column":128}},"line":55},"10":{"name":"(anonymous_10)","decl":{"start":{"line":55,"column":134},"end":{"line":55,"column":135}},"loc":{"start":{"line":56,"column":6},"end":{"line":56,"column":39}},"line":56},"11":{"name":"UnstarredGoalList","decl":{"start":{"line":60,"column":11},"end":{"line":60,"column":28}},"loc":{"start":{"line":60,"column":31},"end":{"line":64,"column":3}},"line":60},"12":{"name":"(anonymous_12)","decl":{"start":{"line":61,"column":24},"end":{"line":61,"column":25}},"loc":{"start":{"line":61,"column":51},"end":{"line":61,"column":131}},"line":61},"13":{"name":"(anonymous_13)","decl":{"start":{"line":61,"column":137},"end":{"line":61,"column":138}},"loc":{"start":{"line":62,"column":6},"end":{"line":62,"column":39}},"line":62},"14":{"name":"GoalsDisplay","decl":{"start":{"line":68,"column":11},"end":{"line":68,"column":23}},"loc":{"start":{"line":68,"column":26},"end":{"line":85,"column":3}},"line":68},"15":{"name":"(anonymous_15)","decl":{"start":{"line":72,"column":65},"end":{"line":72,"column":66}},"loc":{"start":{"line":72,"column":69},"end":{"line":72,"column":89}},"line":72},"16":{"name":"closeGoalForm","decl":{"start":{"line":87,"column":11},"end":{"line":87,"column":24}},"loc":{"start":{"line":87,"column":26},"end":{"line":90,"column":3}},"line":87},"17":{"name":"NewGoalFormDisplay","decl":{"start":{"line":92,"column":11},"end":{"line":92,"column":29}},"loc":{"start":{"line":92,"column":32},"end":{"line":101,"column":3}},"line":92}},"branchMap":{"0":{"loc":{"start":{"line":18,"column":2},"end":{"line":20,"column":3}},"type":"if","locations":[{"start":{"line":18,"column":2},"end":{"line":20,"column":3}},{"start":{"line":18,"column":2},"end":{"line":20,"column":3}}],"line":18},"1":{"loc":{"start":{"line":21,"column":2},"end":{"line":23,"column":3}},"type":"if","locations":[{"start":{"line":21,"column":2},"end":{"line":23,"column":3}},{"start":{"line":21,"column":2},"end":{"line":23,"column":3}}],"line":21},"2":{"loc":{"start":{"line":34,"column":87},"end":{"line":34,"column":130}},"type":"cond-expr","locations":[{"start":{"line":34,"column":110},"end":{"line":34,"column":113}},{"start":{"line":34,"column":116},"end":{"line":34,"column":130}}],"line":34},"3":{"loc":{"start":{"line":36,"column":9},"end":{"line":36,"column":47}},"type":"cond-expr","locations":[{"start":{"line":36,"column":17},"end":{"line":36,"column":39}},{"start":{"line":36,"column":43},"end":{"line":36,"column":47}}],"line":36},"4":{"loc":{"start":{"line":55,"column":59},"end":{"line":55,"column":126}},"type":"binary-expr","locations":[{"start":{"line":55,"column":60},"end":{"line":55,"column":87}},{"start":{"line":55,"column":91},"end":{"line":55,"column":112}},{"start":{"line":55,"column":117},"end":{"line":55,"column":126}}],"line":55},"5":{"loc":{"start":{"line":61,"column":59},"end":{"line":61,"column":129}},"type":"binary-expr","locations":[{"start":{"line":61,"column":60},"end":{"line":61,"column":89}},{"start":{"line":61,"column":93},"end":{"line":61,"column":114}},{"start":{"line":61,"column":119},"end":{"line":61,"column":129}}],"line":61},"6":{"loc":{"start":{"line":105,"column":7},"end":{"line":105,"column":87}},"type":"cond-expr","locations":[{"start":{"line":105,"column":22},"end":{"line":105,"column":54}},{"start":{"line":105,"column":59},"end":{"line":105,"column":86}}],"line":105}},"s":{"0":0,"1":0,"2":0,"3":0,"4":0,"5":0,"6":0,"7":0,"8":0,"9":0,"10":0,"11":0,"12":0,"13":0,"14":0,"15":0,"16":0,"17":0,"18":0,"19":0,"20":0,"21":0,"22":0,"23":0,"24":0,"25":0,"26":0,"27":0,"28":0},"f":{"0":0,"1":0,"2":0,"3":0,"4":0,"5":0,"6":0,"7":0,"8":0,"9":0,"10":0,"11":0,"12":0,"13":0,"14":0,"15":0,"16":0,"17":0},"b":{"0":[0,0],"1":[0,0],"2":[0,0],"3":[0,0],"4":[0,0,0],"5":[0,0,0],"6":[0,0]}}
,"/Users/theodoredumont/Documents/Flipted-Hydro/src/Components/GradeScreen.js": {"path":"/Users/theodoredumont/Documents/Flipted-Hydro/src/Components/GradeScreen.js","statementMap":{"0":{"start":{"line":4,"column":17},"end":{"line":12,"column":72}},"1":{"start":{"line":15,"column":4},"end":{"line":21,"column":6}},"2":{"start":{"line":26,"column":18},"end":{"line":26,"column":21}},"3":{"start":{"line":27,"column":19},"end":{"line":27,"column":22}},"4":{"start":{"line":28,"column":18},"end":{"line":28,"column":64}},"5":{"start":{"line":30,"column":22},"end":{"line":34,"column":5}},"6":{"start":{"line":35,"column":23},"end":{"line":36,"column":62}},"7":{"start":{"line":37,"column":23},"end":{"line":38,"column":58}},"8":{"start":{"line":39,"column":23},"end":{"line":40,"column":60}},"9":{"start":{"line":42,"column":18},"end":{"line":47,"column":5}},"10":{"start":{"line":43,"column":8},"end":{"line":45,"column":9}},"11":{"start":{"line":44,"column":12},"end":{"line":44,"column":24}},"12":{"start":{"line":46,"column":8},"end":{"line":46,"column":43}},"13":{"start":{"line":48,"column":18},"end":{"line":53,"column":5}},"14":{"start":{"line":49,"column":8},"end":{"line":51,"column":9}},"15":{"start":{"line":50,"column":12},"end":{"line":50,"column":24}},"16":{"start":{"line":52,"column":8},"end":{"line":52,"column":43}},"17":{"start":{"line":54,"column":18},"end":{"line":59,"column":5}},"18":{"start":{"line":55,"column":8},"end":{"line":57,"column":9}},"19":{"start":{"line":56,"column":12},"end":{"line":56,"column":24}},"20":{"start":{"line":58,"column":8},"end":{"line":58,"column":43}},"21":{"start":{"line":61,"column":4},"end":{"line":69,"column":6}},"22":{"start":{"line":73,"column":28},"end":{"line":83,"column":6}},"23":{"start":{"line":74,"column":8},"end":{"line":82,"column":10}},"24":{"start":{"line":84,"column":4},"end":{"line":94,"column":6}}},"fnMap":{"0":{"name":"getLineStyle","decl":{"start":{"line":14,"column":9},"end":{"line":14,"column":21}},"loc":{"start":{"line":14,"column":36},"end":{"line":22,"column":1}},"line":14},"1":{"name":"LearningTarget","decl":{"start":{"line":25,"column":17},"end":{"line":25,"column":31}},"loc":{"start":{"line":25,"column":39},"end":{"line":70,"column":1}},"line":25},"2":{"name":"(anonymous_2)","decl":{"start":{"line":42,"column":18},"end":{"line":42,"column":19}},"loc":{"start":{"line":42,"column":24},"end":{"line":47,"column":5}},"line":42},"3":{"name":"(anonymous_3)","decl":{"start":{"line":48,"column":18},"end":{"line":48,"column":19}},"loc":{"start":{"line":48,"column":24},"end":{"line":53,"column":5}},"line":48},"4":{"name":"(anonymous_4)","decl":{"start":{"line":54,"column":18},"end":{"line":54,"column":19}},"loc":{"start":{"line":54,"column":24},"end":{"line":59,"column":5}},"line":54},"5":{"name":"GradeScreen","decl":{"start":{"line":72,"column":24},"end":{"line":72,"column":35}},"loc":{"start":{"line":72,"column":38},"end":{"line":95,"column":1}},"line":72},"6":{"name":"(anonymous_6)","decl":{"start":{"line":73,"column":41},"end":{"line":73,"column":42}},"loc":{"start":{"line":73,"column":47},"end":{"line":83,"column":5}},"line":73}},"branchMap":{"0":{"loc":{"start":{"line":17,"column":16},"end":{"line":17,"column":47}},"type":"cond-expr","locations":[{"start":{"line":17,"column":29},"end":{"line":17,"column":38}},{"start":{"line":17,"column":42},"end":{"line":17,"column":47}}],"line":17},"1":{"loc":{"start":{"line":43,"column":8},"end":{"line":45,"column":9}},"type":"if","locations":[{"start":{"line":43,"column":8},"end":{"line":45,"column":9}},{"start":{"line":43,"column":8},"end":{"line":45,"column":9}}],"line":43},"2":{"loc":{"start":{"line":49,"column":8},"end":{"line":51,"column":9}},"type":"if","locations":[{"start":{"line":49,"column":8},"end":{"line":51,"column":9}},{"start":{"line":49,"column":8},"end":{"line":51,"column":9}}],"line":49},"3":{"loc":{"start":{"line":55,"column":8},"end":{"line":57,"column":9}},"type":"if","locations":[{"start":{"line":55,"column":8},"end":{"line":57,"column":9}},{"start":{"line":55,"column":8},"end":{"line":57,"column":9}}],"line":55}},"s":{"0":1,"1":6,"2":2,"3":2,"4":2,"5":2,"6":2,"7":2,"8":2,"9":2,"10":2,"11":1,"12":1,"13":2,"14":2,"15":0,"16":2,"17":2,"18":2,"19":0,"20":2,"21":2,"22":0,"23":0,"24":0},"f":{"0":6,"1":2,"2":2,"3":2,"4":2,"5":0,"6":0},"b":{"0":[5,1],"1":[1,1],"2":[0,2],"3":[0,2]},"_coverageSchema":"1a1c01bbd47fc00a2c39e90264f33305004495a9","hash":"e49e2514f4c7caf15473007361583c050039d9a2"}
,"/Users/theodoredumont/Documents/Flipted-Hydro/src/Components/Image.js": {"path":"/Users/theodoredumont/Documents/Flipted-Hydro/src/Components/Image.js","statementMap":{"0":{"start":{"line":4,"column":3},"end":{"line":6,"column":4}},"1":{"start":{"line":5,"column":6},"end":{"line":5,"column":26}},"2":{"start":{"line":8,"column":4},"end":{"line":13,"column":6}}},"fnMap":{"0":{"name":"Image","decl":{"start":{"line":3,"column":9},"end":{"line":3,"column":14}},"loc":{"start":{"line":3,"column":22},"end":{"line":14,"column":2}},"line":3}},"branchMap":{"0":{"loc":{"start":{"line":4,"column":3},"end":{"line":6,"column":4}},"type":"if","locations":[{"start":{"line":4,"column":3},"end":{"line":6,"column":4}},{"start":{"line":4,"column":3},"end":{"line":6,"column":4}}],"line":4}},"s":{"0":0,"1":0,"2":0},"f":{"0":0},"b":{"0":[0,0]}}
,"/Users/theodoredumont/Documents/Flipted-Hydro/src/Components/MCQuestion.js": {"path":"/Users/theodoredumont/Documents/Flipted-Hydro/src/Components/MCQuestion.js","statementMap":{"0":{"start":{"line":9,"column":27},"end":{"line":9,"column":57}},"1":{"start":{"line":10,"column":22},"end":{"line":10,"column":28}},"2":{"start":{"line":11,"column":27},"end":{"line":39,"column":4}},"3":{"start":{"line":14,"column":27},"end":{"line":18,"column":7}},"4":{"start":{"line":20,"column":6},"end":{"line":37,"column":9}},"5":{"start":{"line":23,"column":33},"end":{"line":33,"column":14}},"6":{"start":{"line":34,"column":12},"end":{"line":34,"column":95}},"7":{"start":{"line":43,"column":4},"end":{"line":50,"column":6}},"8":{"start":{"line":53,"column":21},"end":{"line":58,"column":3}},"9":{"start":{"line":54,"column":4},"end":{"line":54,"column":35}},"10":{"start":{"line":55,"column":4},"end":{"line":55,"column":30}},"11":{"start":{"line":56,"column":4},"end":{"line":56,"column":44}},"12":{"start":{"line":57,"column":4},"end":{"line":57,"column":33}},"13":{"start":{"line":60,"column":30},"end":{"line":74,"column":3}},"14":{"start":{"line":61,"column":4},"end":{"line":73,"column":6}},"15":{"start":{"line":62,"column":6},"end":{"line":72,"column":8}},"16":{"start":{"line":76,"column":3},"end":{"line":85,"column":4}}},"fnMap":{"0":{"name":"MCQuestion","decl":{"start":{"line":8,"column":9},"end":{"line":8,"column":19}},"loc":{"start":{"line":8,"column":27},"end":{"line":86,"column":1}},"line":8},"1":{"name":"(anonymous_1)","decl":{"start":{"line":12,"column":4},"end":{"line":12,"column":5}},"loc":{"start":{"line":12,"column":18},"end":{"line":38,"column":5}},"line":12},"2":{"name":"(anonymous_2)","decl":{"start":{"line":22,"column":10},"end":{"line":22,"column":11}},"loc":{"start":{"line":22,"column":58},"end":{"line":35,"column":11}},"line":22},"3":{"name":"saveResponse","decl":{"start":{"line":42,"column":11},"end":{"line":42,"column":23}},"loc":{"start":{"line":42,"column":30},"end":{"line":51,"column":3}},"line":42},"4":{"name":"(anonymous_4)","decl":{"start":{"line":53,"column":21},"end":{"line":53,"column":22}},"loc":{"start":{"line":53,"column":26},"end":{"line":58,"column":3}},"line":53},"5":{"name":"(anonymous_5)","decl":{"start":{"line":60,"column":30},"end":{"line":60,"column":31}},"loc":{"start":{"line":60,"column":36},"end":{"line":74,"column":3}},"line":60},"6":{"name":"(anonymous_6)","decl":{"start":{"line":61,"column":38},"end":{"line":61,"column":39}},"loc":{"start":{"line":61,"column":63},"end":{"line":73,"column":5}},"line":61}},"branchMap":{"0":{"loc":{"start":{"line":22,"column":35},"end":{"line":22,"column":56}},"type":"default-arg","locations":[{"start":{"line":22,"column":54},"end":{"line":22,"column":56}}],"line":22},"1":{"loc":{"start":{"line":67,"column":23},"end":{"line":67,"column":54}},"type":"cond-expr","locations":[{"start":{"line":67,"column":40},"end":{"line":67,"column":49}},{"start":{"line":67,"column":52},"end":{"line":67,"column":54}}],"line":67}},"s":{"0":0,"1":0,"2":0,"3":0,"4":0,"5":0,"6":0,"7":0,"8":0,"9":0,"10":0,"11":0,"12":0,"13":0,"14":0,"15":0,"16":0},"f":{"0":0,"1":0,"2":0,"3":0,"4":0,"5":0,"6":0},"b":{"0":[0],"1":[0,0]}}
,"/Users/theodoredumont/Documents/Flipted-Hydro/src/Components/MTaskOverview.js": {"path":"/Users/theodoredumont/Documents/Flipted-Hydro/src/Components/MTaskOverview.js","statementMap":{"0":{"start":{"line":5,"column":28},"end":{"line":5,"column":35}},"1":{"start":{"line":9,"column":15},"end":{"line":9,"column":27}},"2":{"start":{"line":11,"column":2},"end":{"line":13,"column":3}},"3":{"start":{"line":12,"column":4},"end":{"line":12,"column":23}},"4":{"start":{"line":15,"column":26},"end":{"line":22,"column":3}},"5":{"start":{"line":16,"column":4},"end":{"line":16,"column":23}},"6":{"start":{"line":16,"column":13},"end":{"line":16,"column":23}},"7":{"start":{"line":17,"column":4},"end":{"line":21,"column":14}},"8":{"start":{"line":18,"column":6},"end":{"line":21,"column":12}},"9":{"start":{"line":25,"column":4},"end":{"line":25,"column":24}},"10":{"start":{"line":26,"column":4},"end":{"line":31,"column":7}},"11":{"start":{"line":34,"column":3},"end":{"line":45,"column":5}},"12":{"start":{"line":42,"column":32},"end":{"line":42,"column":65}}},"fnMap":{"0":{"name":"MTaskOverview","decl":{"start":{"line":7,"column":9},"end":{"line":7,"column":22}},"loc":{"start":{"line":7,"column":30},"end":{"line":46,"column":1}},"line":7},"1":{"name":"(anonymous_1)","decl":{"start":{"line":15,"column":26},"end":{"line":15,"column":27}},"loc":{"start":{"line":15,"column":35},"end":{"line":22,"column":3}},"line":15},"2":{"name":"(anonymous_2)","decl":{"start":{"line":17,"column":19},"end":{"line":17,"column":20}},"loc":{"start":{"line":18,"column":6},"end":{"line":21,"column":12}},"line":18},"3":{"name":"changeToTaskScreen","decl":{"start":{"line":24,"column":11},"end":{"line":24,"column":29}},"loc":{"start":{"line":24,"column":37},"end":{"line":32,"column":3}},"line":24},"4":{"name":"(anonymous_4)","decl":{"start":{"line":42,"column":26},"end":{"line":42,"column":27}},"loc":{"start":{"line":42,"column":32},"end":{"line":42,"column":65}},"line":42}},"branchMap":{"0":{"loc":{"start":{"line":11,"column":2},"end":{"line":13,"column":3}},"type":"if","locations":[{"start":{"line":11,"column":2},"end":{"line":13,"column":3}},{"start":{"line":11,"column":2},"end":{"line":13,"column":3}}],"line":11},"1":{"loc":{"start":{"line":16,"column":4},"end":{"line":16,"column":23}},"type":"if","locations":[{"start":{"line":16,"column":4},"end":{"line":16,"column":23}},{"start":{"line":16,"column":4},"end":{"line":16,"column":23}}],"line":16}},"s":{"0":0,"1":0,"2":0,"3":0,"4":0,"5":0,"6":0,"7":0,"8":0,"9":0,"10":0,"11":0,"12":0},"f":{"0":0,"1":0,"2":0,"3":0,"4":0},"b":{"0":[0,0],"1":[0,0]}}
,"/Users/theodoredumont/Documents/Flipted-Hydro/src/Components/Mission.js": {"path":"/Users/theodoredumont/Documents/Flipted-Hydro/src/Components/Mission.js","statementMap":{"0":{"start":{"line":9,"column":20},"end":{"line":9,"column":46}},"1":{"start":{"line":11,"column":43},"end":{"line":13,"column":4}},"2":{"start":{"line":15,"column":40},"end":{"line":15,"column":54}},"3":{"start":{"line":17,"column":2},"end":{"line":19,"column":3}},"4":{"start":{"line":17,"column":14},"end":{"line":19,"column":3}},"5":{"start":{"line":21,"column":2},"end":{"line":26,"column":3}},"6":{"start":{"line":22,"column":4},"end":{"line":22,"column":23}},"7":{"start":{"line":23,"column":4},"end":{"line":25,"column":6}},"8":{"start":{"line":28,"column":16},"end":{"line":28,"column":33}},"9":{"start":{"line":29,"column":22},"end":{"line":29,"column":46}},"10":{"start":{"line":32,"column":4},"end":{"line":39,"column":7}},"11":{"start":{"line":33,"column":6},"end":{"line":38,"column":7}},"12":{"start":{"line":34,"column":8},"end":{"line":34,"column":46}},"13":{"start":{"line":36,"column":11},"end":{"line":38,"column":7}},"14":{"start":{"line":37,"column":8},"end":{"line":37,"column":52}},"15":{"start":{"line":43,"column":4},"end":{"line":43,"column":29}},"16":{"start":{"line":44,"column":4},"end":{"line":51,"column":6}},"17":{"start":{"line":55,"column":4},"end":{"line":66,"column":5}},"18":{"start":{"line":58,"column":66},"end":{"line":58,"column":89}},"19":{"start":{"line":70,"column":4},"end":{"line":76,"column":5}},"20":{"start":{"line":79,"column":2},"end":{"line":98,"column":4}}},"fnMap":{"0":{"name":"Mission","decl":{"start":{"line":8,"column":9},"end":{"line":8,"column":16}},"loc":{"start":{"line":8,"column":24},"end":{"line":99,"column":1}},"line":8},"1":{"name":"displayMissions","decl":{"start":{"line":31,"column":11},"end":{"line":31,"column":26}},"loc":{"start":{"line":31,"column":49},"end":{"line":40,"column":3}},"line":31},"2":{"name":"(anonymous_2)","decl":{"start":{"line":32,"column":43},"end":{"line":32,"column":44}},"loc":{"start":{"line":32,"column":67},"end":{"line":39,"column":5}},"line":32},"3":{"name":"changeFocusedTask","decl":{"start":{"line":42,"column":11},"end":{"line":42,"column":28}},"loc":{"start":{"line":42,"column":34},"end":{"line":52,"column":3}},"line":42},"4":{"name":"renderTask","decl":{"start":{"line":54,"column":11},"end":{"line":54,"column":21}},"loc":{"start":{"line":54,"column":27},"end":{"line":67,"column":3}},"line":54},"5":{"name":"(anonymous_5)","decl":{"start":{"line":58,"column":60},"end":{"line":58,"column":61}},"loc":{"start":{"line":58,"column":66},"end":{"line":58,"column":89}},"line":58},"6":{"name":"renderSubMission","decl":{"start":{"line":69,"column":11},"end":{"line":69,"column":27}},"loc":{"start":{"line":69,"column":39},"end":{"line":77,"column":3}},"line":69}},"branchMap":{"0":{"loc":{"start":{"line":17,"column":2},"end":{"line":19,"column":3}},"type":"if","locations":[{"start":{"line":17,"column":2},"end":{"line":19,"column":3}},{"start":{"line":17,"column":2},"end":{"line":19,"column":3}}],"line":17},"1":{"loc":{"start":{"line":21,"column":2},"end":{"line":26,"column":3}},"type":"if","locations":[{"start":{"line":21,"column":2},"end":{"line":26,"column":3}},{"start":{"line":21,"column":2},"end":{"line":26,"column":3}}],"line":21},"2":{"loc":{"start":{"line":33,"column":6},"end":{"line":38,"column":7}},"type":"if","locations":[{"start":{"line":33,"column":6},"end":{"line":38,"column":7}},{"start":{"line":33,"column":6},"end":{"line":38,"column":7}}],"line":33},"3":{"loc":{"start":{"line":36,"column":11},"end":{"line":38,"column":7}},"type":"if","locations":[{"start":{"line":36,"column":11},"end":{"line":38,"column":7}},{"start":{"line":36,"column":11},"end":{"line":38,"column":7}}],"line":36},"4":{"loc":{"start":{"line":92,"column":11},"end":{"line":94,"column":16}},"type":"cond-expr","locations":[{"start":{"line":92,"column":25},"end":{"line":92,"column":29}},{"start":{"line":92,"column":31},"end":{"line":94,"column":16}}],"line":92}},"s":{"0":0,"1":0,"2":0,"3":0,"4":0,"5":0,"6":0,"7":0,"8":0,"9":0,"10":0,"11":0,"12":0,"13":0,"14":0,"15":0,"16":0,"17":0,"18":0,"19":0,"20":0},"f":{"0":0,"1":0,"2":0,"3":0,"4":0,"5":0,"6":0},"b":{"0":[0,0],"1":[0,0],"2":[0,0],"3":[0,0],"4":[0,0]}}
,"/Users/theodoredumont/Documents/Flipted-Hydro/src/Components/MissionsScreen.js": {"path":"/Users/theodoredumont/Documents/Flipted-Hydro/src/Components/MissionsScreen.js","statementMap":{"0":{"start":{"line":9,"column":31},"end":{"line":9,"column":41}},"1":{"start":{"line":14,"column":17},"end":{"line":14,"column":29}},"2":{"start":{"line":16,"column":48},"end":{"line":16,"column":62}},"3":{"start":{"line":18,"column":45},"end":{"line":20,"column":6}},"4":{"start":{"line":22,"column":109},"end":{"line":24,"column":6}},"5":{"start":{"line":26,"column":4},"end":{"line":30,"column":5}},"6":{"start":{"line":26,"column":35},"end":{"line":30,"column":5}},"7":{"start":{"line":32,"column":4},"end":{"line":40,"column":5}},"8":{"start":{"line":33,"column":6},"end":{"line":33,"column":26}},"9":{"start":{"line":35,"column":6},"end":{"line":39,"column":8}},"10":{"start":{"line":42,"column":4},"end":{"line":42,"column":94}},"11":{"start":{"line":49,"column":6},"end":{"line":54,"column":14}},"12":{"start":{"line":51,"column":10},"end":{"line":53,"column":16}},"13":{"start":{"line":51,"column":73},"end":{"line":51,"column":99}},"14":{"start":{"line":59,"column":4},"end":{"line":85,"column":21}},"15":{"start":{"line":60,"column":17},"end":{"line":60,"column":70}},"16":{"start":{"line":61,"column":6},"end":{"line":83,"column":8}},"17":{"start":{"line":80,"column":89},"end":{"line":80,"column":130}},"18":{"start":{"line":85,"column":9},"end":{"line":85,"column":21}},"19":{"start":{"line":88,"column":2},"end":{"line":99,"column":3}},"20":{"start":{"line":106,"column":17},"end":{"line":106,"column":21}},"21":{"start":{"line":107,"column":2},"end":{"line":111,"column":3}},"22":{"start":{"line":107,"column":15},"end":{"line":107,"column":16}},"23":{"start":{"line":108,"column":4},"end":{"line":110,"column":5}},"24":{"start":{"line":109,"column":6},"end":{"line":109,"column":64}},"25":{"start":{"line":114,"column":2},"end":{"line":117,"column":3}},"26":{"start":{"line":115,"column":4},"end":{"line":115,"column":48}},"27":{"start":{"line":116,"column":4},"end":{"line":116,"column":13}},"28":{"start":{"line":120,"column":23},"end":{"line":120,"column":24}},"29":{"start":{"line":121,"column":15},"end":{"line":121,"column":30}},"30":{"start":{"line":122,"column":2},"end":{"line":124,"column":3}},"31":{"start":{"line":122,"column":14},"end":{"line":122,"column":15}},"32":{"start":{"line":123,"column":4},"end":{"line":123,"column":57}},"33":{"start":{"line":123,"column":40},"end":{"line":123,"column":57}},"34":{"start":{"line":125,"column":2},"end":{"line":125,"column":37}},"35":{"start":{"line":129,"column":2},"end":{"line":134,"column":5}}},"fnMap":{"0":{"name":"MissionsScreen","decl":{"start":{"line":12,"column":24},"end":{"line":12,"column":38}},"loc":{"start":{"line":12,"column":41},"end":{"line":43,"column":1}},"line":12},"1":{"name":"MissionsScreenDisplay","decl":{"start":{"line":46,"column":16},"end":{"line":46,"column":37}},"loc":{"start":{"line":46,"column":99},"end":{"line":100,"column":1}},"line":46},"2":{"name":"displayMissionList","decl":{"start":{"line":48,"column":11},"end":{"line":48,"column":29}},"loc":{"start":{"line":48,"column":31},"end":{"line":55,"column":3}},"line":48},"3":{"name":"(anonymous_3)","decl":{"start":{"line":50,"column":27},"end":{"line":50,"column":28}},"loc":{"start":{"line":51,"column":10},"end":{"line":53,"column":16}},"line":51},"4":{"name":"(anonymous_4)","decl":{"start":{"line":51,"column":69},"end":{"line":51,"column":70}},"loc":{"start":{"line":51,"column":73},"end":{"line":51,"column":99}},"line":51},"5":{"name":"MissionOverview","decl":{"start":{"line":57,"column":11},"end":{"line":57,"column":26}},"loc":{"start":{"line":57,"column":34},"end":{"line":86,"column":3}},"line":57},"6":{"name":"(anonymous_6)","decl":{"start":{"line":80,"column":85},"end":{"line":80,"column":86}},"loc":{"start":{"line":80,"column":89},"end":{"line":80,"column":130}},"line":80},"7":{"name":"calculateMissionProgress","decl":{"start":{"line":103,"column":16},"end":{"line":103,"column":40}},"loc":{"start":{"line":103,"column":65},"end":{"line":126,"column":1}},"line":103},"8":{"name":"redirectToMission","decl":{"start":{"line":128,"column":16},"end":{"line":128,"column":33}},"loc":{"start":{"line":128,"column":50},"end":{"line":135,"column":1}},"line":128}},"branchMap":{"0":{"loc":{"start":{"line":26,"column":4},"end":{"line":30,"column":5}},"type":"if","locations":[{"start":{"line":26,"column":4},"end":{"line":30,"column":5}},{"start":{"line":26,"column":4},"end":{"line":30,"column":5}}],"line":26},"1":{"loc":{"start":{"line":26,"column":7},"end":{"line":26,"column":33}},"type":"binary-expr","locations":[{"start":{"line":26,"column":7},"end":{"line":26,"column":14}},{"start":{"line":26,"column":18},"end":{"line":26,"column":33}}],"line":26},"2":{"loc":{"start":{"line":32,"column":4},"end":{"line":40,"column":5}},"type":"if","locations":[{"start":{"line":32,"column":4},"end":{"line":40,"column":5}},{"start":{"line":32,"column":4},"end":{"line":40,"column":5}}],"line":32},"3":{"loc":{"start":{"line":32,"column":7},"end":{"line":32,"column":29}},"type":"binary-expr","locations":[{"start":{"line":32,"column":7},"end":{"line":32,"column":12}},{"start":{"line":32,"column":16},"end":{"line":32,"column":29}}],"line":32},"4":{"loc":{"start":{"line":59,"column":4},"end":{"line":85,"column":21}},"type":"if","locations":[{"start":{"line":59,"column":4},"end":{"line":85,"column":21}},{"start":{"line":59,"column":4},"end":{"line":85,"column":21}}],"line":59},"5":{"loc":{"start":{"line":93,"column":9},"end":{"line":96,"column":17}},"type":"cond-expr","locations":[{"start":{"line":93,"column":27},"end":{"line":93,"column":31}},{"start":{"line":94,"column":11},"end":{"line":96,"column":16}}],"line":93},"6":{"loc":{"start":{"line":108,"column":4},"end":{"line":110,"column":5}},"type":"if","locations":[{"start":{"line":108,"column":4},"end":{"line":110,"column":5}},{"start":{"line":108,"column":4},"end":{"line":110,"column":5}}],"line":108},"7":{"loc":{"start":{"line":114,"column":2},"end":{"line":117,"column":3}},"type":"if","locations":[{"start":{"line":114,"column":2},"end":{"line":117,"column":3}},{"start":{"line":114,"column":2},"end":{"line":117,"column":3}}],"line":114},"8":{"loc":{"start":{"line":123,"column":4},"end":{"line":123,"column":57}},"type":"if","locations":[{"start":{"line":123,"column":4},"end":{"line":123,"column":57}},{"start":{"line":123,"column":4},"end":{"line":123,"column":57}}],"line":123}},"s":{"0":1,"1":0,"2":0,"3":0,"4":0,"5":0,"6":0,"7":0,"8":0,"9":0,"10":0,"11":4,"12":12,"13":1,"14":2,"15":1,"16":1,"17":1,"18":0,"19":4,"20":3,"21":3,"22":3,"23":3,"24":2,"25":3,"26":1,"27":1,"28":2,"29":2,"30":2,"31":2,"32":8,"33":6,"34":2,"35":2},"f":{"0":0,"1":4,"2":4,"3":12,"4":1,"5":2,"6":1,"7":3,"8":2},"b":{"0":[0,0],"1":[0,0],"2":[0,0],"3":[0,0],"4":[1,0],"5":[3,1],"6":[2,1],"7":[1,2],"8":[6,2]},"_coverageSchema":"1a1c01bbd47fc00a2c39e90264f33305004495a9","hash":"3a669f1a211171cafaba8aef21b67e7e6775e3de"}
,"/Users/theodoredumont/Documents/Flipted-Hydro/src/Components/MultiSelect.js": {"path":"/Users/theodoredumont/Documents/Flipted-Hydro/src/Components/MultiSelect.js","statementMap":{"0":{"start":{"line":10,"column":27},"end":{"line":10,"column":39}},"1":{"start":{"line":12,"column":21},"end":{"line":14,"column":4}},"2":{"start":{"line":13,"column":6},"end":{"line":13,"column":33}},"3":{"start":{"line":16,"column":20},"end":{"line":18,"column":3}},"4":{"start":{"line":17,"column":4},"end":{"line":17,"column":24}},"5":{"start":{"line":20,"column":4},"end":{"line":48,"column":5}}},"fnMap":{"0":{"name":"MultiSelect","decl":{"start":{"line":9,"column":9},"end":{"line":9,"column":20}},"loc":{"start":{"line":9,"column":23},"end":{"line":49,"column":1}},"line":9},"1":{"name":"(anonymous_1)","decl":{"start":{"line":12,"column":21},"end":{"line":12,"column":22}},"loc":{"start":{"line":12,"column":26},"end":{"line":14,"column":4}},"line":12},"2":{"name":"(anonymous_2)","decl":{"start":{"line":16,"column":20},"end":{"line":16,"column":21}},"loc":{"start":{"line":16,"column":37},"end":{"line":18,"column":3}},"line":16}},"branchMap":{},"s":{"0":0,"1":0,"2":0,"3":0,"4":0,"5":0},"f":{"0":0,"1":0,"2":0},"b":{}}
,"/Users/theodoredumont/Documents/Flipted-Hydro/src/Components/NavDrawer.js": {"path":"/Users/theodoredumont/Documents/Flipted-Hydro/src/Components/NavDrawer.js","statementMap":{"0":{"start":{"line":20,"column":18},"end":{"line":27,"column":2}},"1":{"start":{"line":30,"column":18},"end":{"line":30,"column":29}},"2":{"start":{"line":31,"column":26},"end":{"line":31,"column":47}},"3":{"start":{"line":33,"column":23},"end":{"line":39,"column":3}},"4":{"start":{"line":33,"column":38},"end":{"line":39,"column":3}},"5":{"start":{"line":34,"column":4},"end":{"line":36,"column":5}},"6":{"start":{"line":35,"column":6},"end":{"line":35,"column":13}},"7":{"start":{"line":38,"column":4},"end":{"line":38,"column":23}},"8":{"start":{"line":41,"column":15},"end":{"line":81,"column":3}},"9":{"start":{"line":42,"column":4},"end":{"line":80,"column":10}},"10":{"start":{"line":58,"column":56},"end":{"line":58,"column":90}},"11":{"start":{"line":63,"column":55},"end":{"line":63,"column":89}},"12":{"start":{"line":68,"column":58},"end":{"line":68,"column":89}},"13":{"start":{"line":73,"column":57},"end":{"line":73,"column":92}},"14":{"start":{"line":83,"column":2},"end":{"line":90,"column":4}}},"fnMap":{"0":{"name":"NavDrawer","decl":{"start":{"line":29,"column":9},"end":{"line":29,"column":18}},"loc":{"start":{"line":29,"column":26},"end":{"line":91,"column":1}},"line":29},"1":{"name":"(anonymous_1)","decl":{"start":{"line":33,"column":23},"end":{"line":33,"column":24}},"loc":{"start":{"line":33,"column":38},"end":{"line":39,"column":3}},"line":33},"2":{"name":"(anonymous_2)","decl":{"start":{"line":33,"column":38},"end":{"line":33,"column":39}},"loc":{"start":{"line":33,"column":49},"end":{"line":39,"column":3}},"line":33},"3":{"name":"(anonymous_3)","decl":{"start":{"line":41,"column":15},"end":{"line":41,"column":16}},"loc":{"start":{"line":42,"column":4},"end":{"line":80,"column":10}},"line":42},"4":{"name":"(anonymous_4)","decl":{"start":{"line":58,"column":49},"end":{"line":58,"column":50}},"loc":{"start":{"line":58,"column":56},"end":{"line":58,"column":90}},"line":58},"5":{"name":"(anonymous_5)","decl":{"start":{"line":63,"column":48},"end":{"line":63,"column":49}},"loc":{"start":{"line":63,"column":55},"end":{"line":63,"column":89}},"line":63},"6":{"name":"(anonymous_6)","decl":{"start":{"line":68,"column":51},"end":{"line":68,"column":52}},"loc":{"start":{"line":68,"column":58},"end":{"line":68,"column":89}},"line":68},"7":{"name":"(anonymous_7)","decl":{"start":{"line":73,"column":50},"end":{"line":73,"column":51}},"loc":{"start":{"line":73,"column":57},"end":{"line":73,"column":92}},"line":73}},"branchMap":{"0":{"loc":{"start":{"line":34,"column":4},"end":{"line":36,"column":5}},"type":"if","locations":[{"start":{"line":34,"column":4},"end":{"line":36,"column":5}},{"start":{"line":34,"column":4},"end":{"line":36,"column":5}}],"line":34},"1":{"loc":{"start":{"line":34,"column":8},"end":{"line":34,"column":82}},"type":"binary-expr","locations":[{"start":{"line":34,"column":8},"end":{"line":34,"column":32}},{"start":{"line":34,"column":37},"end":{"line":34,"column":56}},{"start":{"line":34,"column":60},"end":{"line":34,"column":81}}],"line":34},"2":{"loc":{"start":{"line":44,"column":28},"end":{"line":44,"column":67}},"type":"binary-expr","locations":[{"start":{"line":44,"column":28},"end":{"line":44,"column":44}},{"start":{"line":44,"column":48},"end":{"line":44,"column":67}}],"line":44}},"s":{"0":0,"1":0,"2":0,"3":0,"4":0,"5":0,"6":0,"7":0,"8":0,"9":0,"10":0,"11":0,"12":0,"13":0,"14":0},"f":{"0":0,"1":0,"2":0,"3":0,"4":0,"5":0,"6":0,"7":0},"b":{"0":[0,0],"1":[0,0,0],"2":[0,0]}}
,"/Users/theodoredumont/Documents/Flipted-Hydro/src/Components/ProgressBar.js": {"path":"/Users/theodoredumont/Documents/Flipted-Hydro/src/Components/ProgressBar.js","statementMap":{"0":{"start":{"line":5,"column":19},"end":{"line":5,"column":64}},"1":{"start":{"line":6,"column":20},"end":{"line":6,"column":66}},"2":{"start":{"line":7,"column":23},"end":{"line":7,"column":65}},"3":{"start":{"line":8,"column":23},"end":{"line":8,"column":65}},"4":{"start":{"line":10,"column":16},"end":{"line":10,"column":18}},"5":{"start":{"line":11,"column":4},"end":{"line":15,"column":5}},"6":{"start":{"line":12,"column":8},"end":{"line":12,"column":39}},"7":{"start":{"line":14,"column":8},"end":{"line":14,"column":70}},"8":{"start":{"line":16,"column":21},"end":{"line":16,"column":26}},"9":{"start":{"line":17,"column":15},"end":{"line":17,"column":16}},"10":{"start":{"line":18,"column":4},"end":{"line":22,"column":5}},"11":{"start":{"line":19,"column":8},"end":{"line":19,"column":37}},"12":{"start":{"line":21,"column":8},"end":{"line":21,"column":68}},"13":{"start":{"line":23,"column":20},"end":{"line":23,"column":24}},"14":{"start":{"line":26,"column":21},"end":{"line":28,"column":5}},"15":{"start":{"line":32,"column":22},"end":{"line":40,"column":9}},"16":{"start":{"line":41,"column":8},"end":{"line":43,"column":10}},"17":{"start":{"line":47,"column":22},"end":{"line":55,"column":9}},"18":{"start":{"line":56,"column":8},"end":{"line":58,"column":10}},"19":{"start":{"line":61,"column":4},"end":{"line":66,"column":6}}},"fnMap":{"0":{"name":"ProgressBar","decl":{"start":{"line":4,"column":24},"end":{"line":4,"column":35}},"loc":{"start":{"line":4,"column":43},"end":{"line":67,"column":1}},"line":4},"1":{"name":"getDone","decl":{"start":{"line":31,"column":13},"end":{"line":31,"column":20}},"loc":{"start":{"line":31,"column":23},"end":{"line":44,"column":5}},"line":31},"2":{"name":"getLeft","decl":{"start":{"line":46,"column":13},"end":{"line":46,"column":20}},"loc":{"start":{"line":46,"column":23},"end":{"line":59,"column":5}},"line":46}},"branchMap":{"0":{"loc":{"start":{"line":5,"column":19},"end":{"line":5,"column":64}},"type":"cond-expr","locations":[{"start":{"line":5,"column":33},"end":{"line":5,"column":58}},{"start":{"line":5,"column":61},"end":{"line":5,"column":64}}],"line":5},"1":{"loc":{"start":{"line":6,"column":20},"end":{"line":6,"column":66}},"type":"cond-expr","locations":[{"start":{"line":6,"column":35},"end":{"line":6,"column":61}},{"start":{"line":6,"column":64},"end":{"line":6,"column":66}}],"line":6},"2":{"loc":{"start":{"line":7,"column":23},"end":{"line":7,"column":65}},"type":"cond-expr","locations":[{"start":{"line":7,"column":41},"end":{"line":7,"column":56}},{"start":{"line":7,"column":59},"end":{"line":7,"column":65}}],"line":7},"3":{"loc":{"start":{"line":8,"column":23},"end":{"line":8,"column":65}},"type":"cond-expr","locations":[{"start":{"line":8,"column":41},"end":{"line":8,"column":56}},{"start":{"line":8,"column":59},"end":{"line":8,"column":65}}],"line":8},"4":{"loc":{"start":{"line":11,"column":4},"end":{"line":15,"column":5}},"type":"if","locations":[{"start":{"line":11,"column":4},"end":{"line":15,"column":5}},{"start":{"line":11,"column":4},"end":{"line":15,"column":5}}],"line":11},"5":{"loc":{"start":{"line":18,"column":4},"end":{"line":22,"column":5}},"type":"if","locations":[{"start":{"line":18,"column":4},"end":{"line":22,"column":5}},{"start":{"line":18,"column":4},"end":{"line":22,"column":5}}],"line":18}},"s":{"0":2,"1":1,"2":1,"3":1,"4":1,"5":1,"6":1,"7":0,"8":1,"9":1,"10":1,"11":1,"12":0,"13":1,"14":1,"15":1,"16":1,"17":1,"18":1,"19":1},"f":{"0":2,"1":1,"2":1},"b":{"0":[1,0],"1":[1,0],"2":[1,0],"3":[1,0],"4":[1,0],"5":[1,0]},"_coverageSchema":"1a1c01bbd47fc00a2c39e90264f33305004495a9","hash":"209d480e30df424609d165785f10f9b1f0e1bc86"}
,"/Users/theodoredumont/Documents/Flipted-Hydro/src/Components/Task.js": {"path":"/Users/theodoredumont/Documents/Flipted-Hydro/src/Components/Task.js","statementMap":{"0":{"start":{"line":17,"column":2},"end":{"line":19,"column":8}},"1":{"start":{"line":23,"column":2},"end":{"line":25,"column":8}},"2":{"start":{"line":29,"column":2},"end":{"line":31,"column":8}},"3":{"start":{"line":36,"column":2},"end":{"line":38,"column":3}},"4":{"start":{"line":37,"column":4},"end":{"line":37,"column":55}},"5":{"start":{"line":40,"column":2},"end":{"line":49,"column":8}},"6":{"start":{"line":54,"column":2},"end":{"line":56,"column":3}},"7":{"start":{"line":55,"column":4},"end":{"line":55,"column":48}},"8":{"start":{"line":58,"column":2},"end":{"line":66,"column":8}},"9":{"start":{"line":71,"column":17},"end":{"line":71,"column":43}},"10":{"start":{"line":73,"column":43},"end":{"line":75,"column":4}},"11":{"start":{"line":77,"column":38},"end":{"line":77,"column":53}},"12":{"start":{"line":78,"column":30},"end":{"line":78,"column":41}},"13":{"start":{"line":79,"column":28},"end":{"line":79,"column":39}},"14":{"start":{"line":81,"column":2},"end":{"line":85,"column":3}},"15":{"start":{"line":81,"column":14},"end":{"line":85,"column":3}},"16":{"start":{"line":87,"column":2},"end":{"line":95,"column":3}},"17":{"start":{"line":88,"column":4},"end":{"line":88,"column":23}},"18":{"start":{"line":90,"column":4},"end":{"line":94,"column":6}},"19":{"start":{"line":97,"column":16},"end":{"line":97,"column":31}},"20":{"start":{"line":98,"column":16},"end":{"line":98,"column":30}},"21":{"start":{"line":99,"column":23},"end":{"line":99,"column":45}},"22":{"start":{"line":100,"column":23},"end":{"line":100,"column":48}},"23":{"start":{"line":102,"column":17},"end":{"line":102,"column":29}},"24":{"start":{"line":103,"column":26},"end":{"line":103,"column":35}},"25":{"start":{"line":104,"column":36},"end":{"line":104,"column":37}},"26":{"start":{"line":105,"column":26},"end":{"line":105,"column":63}},"27":{"start":{"line":107,"column":18},"end":{"line":115,"column":3}},"28":{"start":{"line":108,"column":4},"end":{"line":114,"column":5}},"29":{"start":{"line":109,"column":6},"end":{"line":109,"column":73}},"30":{"start":{"line":111,"column":9},"end":{"line":114,"column":5}},"31":{"start":{"line":112,"column":6},"end":{"line":112,"column":28}},"32":{"start":{"line":113,"column":6},"end":{"line":113,"column":26}},"33":{"start":{"line":117,"column":18},"end":{"line":122,"column":3}},"34":{"start":{"line":118,"column":4},"end":{"line":121,"column":5}},"35":{"start":{"line":119,"column":6},"end":{"line":119,"column":28}},"36":{"start":{"line":120,"column":6},"end":{"line":120,"column":26}},"37":{"start":{"line":124,"column":21},"end":{"line":132,"column":3}},"38":{"start":{"line":125,"column":4},"end":{"line":125,"column":33}},"39":{"start":{"line":126,"column":4},"end":{"line":131,"column":7}},"40":{"start":{"line":139,"column":4},"end":{"line":147,"column":5}},"41":{"start":{"line":140,"column":23},"end":{"line":145,"column":7}},"42":{"start":{"line":146,"column":6},"end":{"line":146,"column":48}},"43":{"start":{"line":155,"column":4},"end":{"line":163,"column":5}},"44":{"start":{"line":156,"column":23},"end":{"line":161,"column":7}},"45":{"start":{"line":162,"column":6},"end":{"line":162,"column":48}},"46":{"start":{"line":167,"column":4},"end":{"line":188,"column":6}},"47":{"start":{"line":192,"column":4},"end":{"line":197,"column":16}},"48":{"start":{"line":193,"column":23},"end":{"line":193,"column":32}},"49":{"start":{"line":201,"column":4},"end":{"line":205,"column":5}},"50":{"start":{"line":202,"column":6},"end":{"line":204,"column":16}},"51":{"start":{"line":202,"column":37},"end":{"line":202,"column":46}},"52":{"start":{"line":209,"column":6},"end":{"line":209,"column":110}},"53":{"start":{"line":209,"column":62},"end":{"line":209,"column":88}},"54":{"start":{"line":213,"column":4},"end":{"line":213,"column":116}},"55":{"start":{"line":213,"column":63},"end":{"line":213,"column":89}},"56":{"start":{"line":217,"column":13},"end":{"line":217,"column":17}},"57":{"start":{"line":218,"column":4},"end":{"line":222,"column":5}},"58":{"start":{"line":218,"column":17},"end":{"line":218,"column":18}},"59":{"start":{"line":219,"column":6},"end":{"line":221,"column":7}},"60":{"start":{"line":220,"column":8},"end":{"line":220,"column":19}},"61":{"start":{"line":223,"column":4},"end":{"line":223,"column":14}},"62":{"start":{"line":227,"column":17},"end":{"line":227,"column":30}},"63":{"start":{"line":229,"column":4},"end":{"line":229,"column":32}},"64":{"start":{"line":229,"column":14},"end":{"line":229,"column":32}},"65":{"start":{"line":231,"column":26},"end":{"line":231,"column":28}},"66":{"start":{"line":232,"column":19},"end":{"line":232,"column":20}},"67":{"start":{"line":234,"column":4},"end":{"line":273,"column":7}},"68":{"start":{"line":235,"column":6},"end":{"line":271,"column":7}},"69":{"start":{"line":236,"column":8},"end":{"line":236,"column":70}},"70":{"start":{"line":238,"column":11},"end":{"line":271,"column":7}},"71":{"start":{"line":239,"column":8},"end":{"line":239,"column":71}},"72":{"start":{"line":241,"column":11},"end":{"line":271,"column":7}},"73":{"start":{"line":242,"column":8},"end":{"line":242,"column":71}},"74":{"start":{"line":244,"column":11},"end":{"line":271,"column":7}},"75":{"start":{"line":245,"column":8},"end":{"line":267,"column":10}},"76":{"start":{"line":246,"column":10},"end":{"line":264,"column":11}},"77":{"start":{"line":247,"column":12},"end":{"line":252,"column":14}},"78":{"start":{"line":249,"column":49},"end":{"line":249,"column":81}},"79":{"start":{"line":254,"column":15},"end":{"line":264,"column":11}},"80":{"start":{"line":255,"column":12},"end":{"line":260,"column":14}},"81":{"start":{"line":257,"column":49},"end":{"line":257,"column":81}},"82":{"start":{"line":263,"column":12},"end":{"line":263,"column":51}},"83":{"start":{"line":265,"column":10},"end":{"line":265,"column":43}},"84":{"start":{"line":266,"column":10},"end":{"line":266,"column":24}},"85":{"start":{"line":270,"column":8},"end":{"line":270,"column":49}},"86":{"start":{"line":272,"column":6},"end":{"line":272,"column":20}},"87":{"start":{"line":275,"column":4},"end":{"line":279,"column":6}},"88":{"start":{"line":282,"column":2},"end":{"line":303,"column":4}}},"fnMap":{"0":{"name":"createTextBlock","decl":{"start":{"line":16,"column":9},"end":{"line":16,"column":24}},"loc":{"start":{"line":16,"column":44},"end":{"line":20,"column":1}},"line":16},"1":{"name":"createImageBlock","decl":{"start":{"line":22,"column":9},"end":{"line":22,"column":25}},"loc":{"start":{"line":22,"column":45},"end":{"line":26,"column":1}},"line":22},"2":{"name":"createVideoBlock","decl":{"start":{"line":28,"column":9},"end":{"line":28,"column":25}},"loc":{"start":{"line":28,"column":45},"end":{"line":32,"column":1}},"line":28},"3":{"name":"createMCQuestionBlock","decl":{"start":{"line":34,"column":9},"end":{"line":34,"column":30}},"loc":{"start":{"line":34,"column":102},"end":{"line":50,"column":1}},"line":34},"4":{"name":"createFRQuestionBlock","decl":{"start":{"line":52,"column":9},"end":{"line":52,"column":30}},"loc":{"start":{"line":52,"column":102},"end":{"line":67,"column":1}},"line":52},"5":{"name":"Task","decl":{"start":{"line":69,"column":9},"end":{"line":69,"column":13}},"loc":{"start":{"line":69,"column":21},"end":{"line":304,"column":1}},"line":69},"6":{"name":"(anonymous_6)","decl":{"start":{"line":107,"column":18},"end":{"line":107,"column":19}},"loc":{"start":{"line":107,"column":24},"end":{"line":115,"column":3}},"line":107},"7":{"name":"(anonymous_7)","decl":{"start":{"line":117,"column":18},"end":{"line":117,"column":19}},"loc":{"start":{"line":117,"column":24},"end":{"line":122,"column":3}},"line":117},"8":{"name":"(anonymous_8)","decl":{"start":{"line":124,"column":21},"end":{"line":124,"column":22}},"loc":{"start":{"line":124,"column":27},"end":{"line":132,"column":3}},"line":124},"9":{"name":"createMCQuestionCallback","decl":{"start":{"line":138,"column":11},"end":{"line":138,"column":35}},"loc":{"start":{"line":138,"column":56},"end":{"line":148,"column":3}},"line":138},"10":{"name":"(anonymous_10)","decl":{"start":{"line":139,"column":11},"end":{"line":139,"column":12}},"loc":{"start":{"line":139,"column":25},"end":{"line":147,"column":5}},"line":139},"11":{"name":"createFRQuestionCallback","decl":{"start":{"line":154,"column":11},"end":{"line":154,"column":35}},"loc":{"start":{"line":154,"column":56},"end":{"line":164,"column":3}},"line":154},"12":{"name":"(anonymous_12)","decl":{"start":{"line":155,"column":11},"end":{"line":155,"column":12}},"loc":{"start":{"line":155,"column":23},"end":{"line":163,"column":5}},"line":155},"13":{"name":"renderHeader","decl":{"start":{"line":166,"column":11},"end":{"line":166,"column":23}},"loc":{"start":{"line":166,"column":26},"end":{"line":189,"column":3}},"line":166},"14":{"name":"renderPrevButton","decl":{"start":{"line":191,"column":11},"end":{"line":191,"column":27}},"loc":{"start":{"line":191,"column":30},"end":{"line":198,"column":3}},"line":191},"15":{"name":"(anonymous_15)","decl":{"start":{"line":193,"column":17},"end":{"line":193,"column":18}},"loc":{"start":{"line":193,"column":23},"end":{"line":193,"column":32}},"line":193},"16":{"name":"renderNextButton","decl":{"start":{"line":200,"column":11},"end":{"line":200,"column":27}},"loc":{"start":{"line":200,"column":30},"end":{"line":206,"column":3}},"line":200},"17":{"name":"(anonymous_17)","decl":{"start":{"line":202,"column":31},"end":{"line":202,"column":32}},"loc":{"start":{"line":202,"column":37},"end":{"line":202,"column":46}},"line":202},"18":{"name":"renderRubricButton","decl":{"start":{"line":208,"column":11},"end":{"line":208,"column":29}},"loc":{"start":{"line":208,"column":32},"end":{"line":210,"column":3}},"line":208},"19":{"name":"(anonymous_19)","decl":{"start":{"line":209,"column":56},"end":{"line":209,"column":57}},"loc":{"start":{"line":209,"column":62},"end":{"line":209,"column":88}},"line":209},"20":{"name":"renderReviewButton","decl":{"start":{"line":212,"column":11},"end":{"line":212,"column":29}},"loc":{"start":{"line":212,"column":32},"end":{"line":214,"column":3}},"line":212},"21":{"name":"(anonymous_21)","decl":{"start":{"line":213,"column":57},"end":{"line":213,"column":58}},"loc":{"start":{"line":213,"column":63},"end":{"line":213,"column":89}},"line":213},"22":{"name":"requirementsCompleted","decl":{"start":{"line":216,"column":11},"end":{"line":216,"column":32}},"loc":{"start":{"line":216,"column":35},"end":{"line":224,"column":3}},"line":216},"23":{"name":"renderPage","decl":{"start":{"line":226,"column":11},"end":{"line":226,"column":21}},"loc":{"start":{"line":226,"column":24},"end":{"line":280,"column":3}},"line":226},"24":{"name":"(anonymous_24)","decl":{"start":{"line":234,"column":24},"end":{"line":234,"column":25}},"loc":{"start":{"line":234,"column":33},"end":{"line":273,"column":5}},"line":234},"25":{"name":"(anonymous_25)","decl":{"start":{"line":245,"column":32},"end":{"line":245,"column":33}},"loc":{"start":{"line":245,"column":46},"end":{"line":267,"column":9}},"line":245},"26":{"name":"(anonymous_26)","decl":{"start":{"line":249,"column":39},"end":{"line":249,"column":40}},"loc":{"start":{"line":249,"column":49},"end":{"line":249,"column":81}},"line":249},"27":{"name":"(anonymous_27)","decl":{"start":{"line":257,"column":39},"end":{"line":257,"column":40}},"loc":{"start":{"line":257,"column":49},"end":{"line":257,"column":81}},"line":257}},"branchMap":{"0":{"loc":{"start":{"line":36,"column":2},"end":{"line":38,"column":3}},"type":"if","locations":[{"start":{"line":36,"column":2},"end":{"line":38,"column":3}},{"start":{"line":36,"column":2},"end":{"line":38,"column":3}}],"line":36},"1":{"loc":{"start":{"line":54,"column":2},"end":{"line":56,"column":3}},"type":"if","locations":[{"start":{"line":54,"column":2},"end":{"line":56,"column":3}},{"start":{"line":54,"column":2},"end":{"line":56,"column":3}}],"line":54},"2":{"loc":{"start":{"line":81,"column":2},"end":{"line":85,"column":3}},"type":"if","locations":[{"start":{"line":81,"column":2},"end":{"line":85,"column":3}},{"start":{"line":81,"column":2},"end":{"line":85,"column":3}}],"line":81},"3":{"loc":{"start":{"line":87,"column":2},"end":{"line":95,"column":3}},"type":"if","locations":[{"start":{"line":87,"column":2},"end":{"line":95,"column":3}},{"start":{"line":87,"column":2},"end":{"line":95,"column":3}}],"line":87},"4":{"loc":{"start":{"line":108,"column":4},"end":{"line":114,"column":5}},"type":"if","locations":[{"start":{"line":108,"column":4},"end":{"line":114,"column":5}},{"start":{"line":108,"column":4},"end":{"line":114,"column":5}}],"line":108},"5":{"loc":{"start":{"line":108,"column":7},"end":{"line":108,"column":85}},"type":"binary-expr","locations":[{"start":{"line":108,"column":7},"end":{"line":108,"column":31}},{"start":{"line":108,"column":35},"end":{"line":108,"column":85}}],"line":108},"6":{"loc":{"start":{"line":111,"column":9},"end":{"line":114,"column":5}},"type":"if","locations":[{"start":{"line":111,"column":9},"end":{"line":114,"column":5}},{"start":{"line":111,"column":9},"end":{"line":114,"column":5}}],"line":111},"7":{"loc":{"start":{"line":118,"column":4},"end":{"line":121,"column":5}},"type":"if","locations":[{"start":{"line":118,"column":4},"end":{"line":121,"column":5}},{"start":{"line":118,"column":4},"end":{"line":121,"column":5}}],"line":118},"8":{"loc":{"start":{"line":183,"column":17},"end":{"line":183,"column":88}},"type":"cond-expr","locations":[{"start":{"line":183,"column":47},"end":{"line":183,"column":65}},{"start":{"line":183,"column":68},"end":{"line":183,"column":88}}],"line":183},"9":{"loc":{"start":{"line":194,"column":13},"end":{"line":194,"column":53}},"type":"cond-expr","locations":[{"start":{"line":194,"column":26},"end":{"line":194,"column":28}},{"start":{"line":194,"column":31},"end":{"line":194,"column":53}}],"line":194},"10":{"loc":{"start":{"line":201,"column":4},"end":{"line":205,"column":5}},"type":"if","locations":[{"start":{"line":201,"column":4},"end":{"line":205,"column":5}},{"start":{"line":201,"column":4},"end":{"line":205,"column":5}}],"line":201},"11":{"loc":{"start":{"line":219,"column":6},"end":{"line":221,"column":7}},"type":"if","locations":[{"start":{"line":219,"column":6},"end":{"line":221,"column":7}},{"start":{"line":219,"column":6},"end":{"line":221,"column":7}}],"line":219},"12":{"loc":{"start":{"line":229,"column":4},"end":{"line":229,"column":32}},"type":"if","locations":[{"start":{"line":229,"column":4},"end":{"line":229,"column":32}},{"start":{"line":229,"column":4},"end":{"line":229,"column":32}}],"line":229},"13":{"loc":{"start":{"line":235,"column":6},"end":{"line":271,"column":7}},"type":"if","locations":[{"start":{"line":235,"column":6},"end":{"line":271,"column":7}},{"start":{"line":235,"column":6},"end":{"line":271,"column":7}}],"line":235},"14":{"loc":{"start":{"line":238,"column":11},"end":{"line":271,"column":7}},"type":"if","locations":[{"start":{"line":238,"column":11},"end":{"line":271,"column":7}},{"start":{"line":238,"column":11},"end":{"line":271,"column":7}}],"line":238},"15":{"loc":{"start":{"line":241,"column":11},"end":{"line":271,"column":7}},"type":"if","locations":[{"start":{"line":241,"column":11},"end":{"line":271,"column":7}},{"start":{"line":241,"column":11},"end":{"line":271,"column":7}}],"line":241},"16":{"loc":{"start":{"line":244,"column":11},"end":{"line":271,"column":7}},"type":"if","locations":[{"start":{"line":244,"column":11},"end":{"line":271,"column":7}},{"start":{"line":244,"column":11},"end":{"line":271,"column":7}}],"line":244},"17":{"loc":{"start":{"line":246,"column":10},"end":{"line":264,"column":11}},"type":"if","locations":[{"start":{"line":246,"column":10},"end":{"line":264,"column":11}},{"start":{"line":246,"column":10},"end":{"line":264,"column":11}}],"line":246},"18":{"loc":{"start":{"line":254,"column":15},"end":{"line":264,"column":11}},"type":"if","locations":[{"start":{"line":254,"column":15},"end":{"line":264,"column":11}},{"start":{"line":254,"column":15},"end":{"line":264,"column":11}}],"line":254},"19":{"loc":{"start":{"line":283,"column":36},"end":{"line":289,"column":9}},"type":"cond-expr","locations":[{"start":{"line":283,"column":48},"end":{"line":286,"column":7}},{"start":{"line":286,"column":10},"end":{"line":289,"column":9}}],"line":283}},"s":{"0":0,"1":0,"2":0,"3":0,"4":0,"5":0,"6":0,"7":0,"8":0,"9":0,"10":0,"11":0,"12":0,"13":0,"14":0,"15":0,"16":0,"17":0,"18":0,"19":0,"20":0,"21":0,"22":0,"23":0,"24":0,"25":0,"26":0,"27":0,"28":0,"29":0,"30":0,"31":0,"32":0,"33":0,"34":0,"35":0,"36":0,"37":0,"38":0,"39":0,"40":0,"41":0,"42":0,"43":0,"44":0,"45":0,"46":0,"47":0,"48":0,"49":0,"50":0,"51":0,"52":0,"53":0,"54":0,"55":0,"56":0,"57":0,"58":0,"59":0,"60":0,"61":0,"62":0,"63":0,"64":0,"65":0,"66":0,"67":0,"68":0,"69":0,"70":0,"71":0,"72":0,"73":0,"74":0,"75":0,"76":0,"77":0,"78":0,"79":0,"80":0,"81":0,"82":0,"83":0,"84":0,"85":0,"86":0,"87":0,"88":0},"f":{"0":0,"1":0,"2":0,"3":0,"4":0,"5":0,"6":0,"7":0,"8":0,"9":0,"10":0,"11":0,"12":0,"13":0,"14":0,"15":0,"16":0,"17":0,"18":0,"19":0,"20":0,"21":0,"22":0,"23":0,"24":0,"25":0,"26":0,"27":0},"b":{"0":[0,0],"1":[0,0],"2":[0,0],"3":[0,0],"4":[0,0],"5":[0,0],"6":[0,0],"7":[0,0],"8":[0,0],"9":[0,0],"10":[0,0],"11":[0,0],"12":[0,0],"13":[0,0],"14":[0,0],"15":[0,0],"16":[0,0],"17":[0,0],"18":[0,0],"19":[0,0]}}
,"/Users/theodoredumont/Documents/Flipted-Hydro/src/Components/TaskRubricDrawer.js": {"path":"/Users/theodoredumont/Documents/Flipted-Hydro/src/Components/TaskRubricDrawer.js","statementMap":{"0":{"start":{"line":18,"column":18},"end":{"line":25,"column":2}},"1":{"start":{"line":28,"column":18},"end":{"line":28,"column":29}},"2":{"start":{"line":29,"column":30},"end":{"line":29,"column":63}},"3":{"start":{"line":31,"column":21},"end":{"line":31,"column":39}},"4":{"start":{"line":33,"column":42},"end":{"line":33,"column":132}},"5":{"start":{"line":36,"column":4},"end":{"line":36,"column":48}},"6":{"start":{"line":41,"column":4},"end":{"line":59,"column":5}},"7":{"start":{"line":42,"column":6},"end":{"line":42,"column":56}},"8":{"start":{"line":43,"column":6},"end":{"line":48,"column":9}},"9":{"start":{"line":51,"column":17},"end":{"line":51,"column":39}},"10":{"start":{"line":52,"column":6},"end":{"line":52,"column":28}},"11":{"start":{"line":53,"column":6},"end":{"line":58,"column":9}},"12":{"start":{"line":63,"column":15},"end":{"line":63,"column":17}},"13":{"start":{"line":64,"column":4},"end":{"line":68,"column":5}},"14":{"start":{"line":64,"column":17},"end":{"line":64,"column":18}},"15":{"start":{"line":65,"column":6},"end":{"line":67,"column":7}},"16":{"start":{"line":66,"column":8},"end":{"line":66,"column":35}},"17":{"start":{"line":69,"column":4},"end":{"line":69,"column":16}},"18":{"start":{"line":73,"column":4},"end":{"line":73,"column":55}},"19":{"start":{"line":76,"column":23},"end":{"line":82,"column":3}},"20":{"start":{"line":76,"column":38},"end":{"line":82,"column":3}},"21":{"start":{"line":77,"column":4},"end":{"line":79,"column":5}},"22":{"start":{"line":78,"column":6},"end":{"line":78,"column":13}},"23":{"start":{"line":81,"column":4},"end":{"line":81,"column":35}},"24":{"start":{"line":84,"column":15},"end":{"line":117,"column":3}},"25":{"start":{"line":85,"column":4},"end":{"line":116,"column":10}},"26":{"start":{"line":95,"column":40},"end":{"line":95,"column":66}},"27":{"start":{"line":104,"column":12},"end":{"line":107,"column":24}},"28":{"start":{"line":104,"column":42},"end":{"line":104,"column":91}},"29":{"start":{"line":119,"column":2},"end":{"line":125,"column":4}}},"fnMap":{"0":{"name":"TaskRubricDrawer","decl":{"start":{"line":27,"column":9},"end":{"line":27,"column":25}},"loc":{"start":{"line":27,"column":33},"end":{"line":126,"column":1}},"line":27},"1":{"name":"isComplete","decl":{"start":{"line":35,"column":11},"end":{"line":35,"column":21}},"loc":{"start":{"line":35,"column":37},"end":{"line":37,"column":3}},"line":35},"2":{"name":"completeRequirement","decl":{"start":{"line":39,"column":11},"end":{"line":39,"column":30}},"loc":{"start":{"line":39,"column":54},"end":{"line":60,"column":3}},"line":39},"3":{"name":"uncheck","decl":{"start":{"line":62,"column":11},"end":{"line":62,"column":18}},"loc":{"start":{"line":62,"column":34},"end":{"line":70,"column":3}},"line":62},"4":{"name":"requirementsCompleted","decl":{"start":{"line":72,"column":11},"end":{"line":72,"column":32}},"loc":{"start":{"line":72,"column":35},"end":{"line":74,"column":3}},"line":72},"5":{"name":"(anonymous_5)","decl":{"start":{"line":76,"column":23},"end":{"line":76,"column":24}},"loc":{"start":{"line":76,"column":38},"end":{"line":82,"column":3}},"line":76},"6":{"name":"(anonymous_6)","decl":{"start":{"line":76,"column":38},"end":{"line":76,"column":39}},"loc":{"start":{"line":76,"column":49},"end":{"line":82,"column":3}},"line":76},"7":{"name":"(anonymous_7)","decl":{"start":{"line":84,"column":15},"end":{"line":84,"column":16}},"loc":{"start":{"line":85,"column":4},"end":{"line":116,"column":10}},"line":85},"8":{"name":"(anonymous_8)","decl":{"start":{"line":95,"column":36},"end":{"line":95,"column":37}},"loc":{"start":{"line":95,"column":40},"end":{"line":95,"column":66}},"line":95},"9":{"name":"(anonymous_9)","decl":{"start":{"line":102,"column":26},"end":{"line":102,"column":27}},"loc":{"start":{"line":104,"column":12},"end":{"line":107,"column":24}},"line":104},"10":{"name":"(anonymous_10)","decl":{"start":{"line":104,"column":38},"end":{"line":104,"column":39}},"loc":{"start":{"line":104,"column":42},"end":{"line":104,"column":91}},"line":104}},"branchMap":{"0":{"loc":{"start":{"line":33,"column":51},"end":{"line":33,"column":131}},"type":"cond-expr","locations":[{"start":{"line":33,"column":80},"end":{"line":33,"column":82}},{"start":{"line":33,"column":85},"end":{"line":33,"column":131}}],"line":33},"1":{"loc":{"start":{"line":41,"column":4},"end":{"line":59,"column":5}},"type":"if","locations":[{"start":{"line":41,"column":4},"end":{"line":59,"column":5}},{"start":{"line":41,"column":4},"end":{"line":59,"column":5}}],"line":41},"2":{"loc":{"start":{"line":65,"column":6},"end":{"line":67,"column":7}},"type":"if","locations":[{"start":{"line":65,"column":6},"end":{"line":67,"column":7}},{"start":{"line":65,"column":6},"end":{"line":67,"column":7}}],"line":65},"3":{"loc":{"start":{"line":77,"column":4},"end":{"line":79,"column":5}},"type":"if","locations":[{"start":{"line":77,"column":4},"end":{"line":79,"column":5}},{"start":{"line":77,"column":4},"end":{"line":79,"column":5}}],"line":77},"4":{"loc":{"start":{"line":77,"column":8},"end":{"line":77,"column":82}},"type":"binary-expr","locations":[{"start":{"line":77,"column":8},"end":{"line":77,"column":32}},{"start":{"line":77,"column":37},"end":{"line":77,"column":56}},{"start":{"line":77,"column":60},"end":{"line":77,"column":81}}],"line":77},"5":{"loc":{"start":{"line":87,"column":28},"end":{"line":87,"column":67}},"type":"binary-expr","locations":[{"start":{"line":87,"column":28},"end":{"line":87,"column":44}},{"start":{"line":87,"column":48},"end":{"line":87,"column":67}}],"line":87},"6":{"loc":{"start":{"line":105,"column":31},"end":{"line":105,"column":114}},"type":"cond-expr","locations":[{"start":{"line":105,"column":61},"end":{"line":105,"column":80}},{"start":{"line":105,"column":85},"end":{"line":105,"column":113}}],"line":105},"7":{"loc":{"start":{"line":110,"column":38},"end":{"line":110,"column":91}},"type":"cond-expr","locations":[{"start":{"line":110,"column":64},"end":{"line":110,"column":84}},{"start":{"line":110,"column":87},"end":{"line":110,"column":91}}],"line":110},"8":{"loc":{"start":{"line":111,"column":41},"end":{"line":111,"column":98}},"type":"cond-expr","locations":[{"start":{"line":111,"column":67},"end":{"line":111,"column":83}},{"start":{"line":111,"column":86},"end":{"line":111,"column":98}}],"line":111}},"s":{"0":0,"1":0,"2":0,"3":0,"4":0,"5":0,"6":0,"7":0,"8":0,"9":0,"10":0,"11":0,"12":0,"13":0,"14":0,"15":0,"16":0,"17":0,"18":0,"19":0,"20":0,"21":0,"22":0,"23":0,"24":0,"25":0,"26":0,"27":0,"28":0,"29":0},"f":{"0":0,"1":0,"2":0,"3":0,"4":0,"5":0,"6":0,"7":0,"8":0,"9":0,"10":0},"b":{"0":[0,0],"1":[0,0],"2":[0,0],"3":[0,0],"4":[0,0,0],"5":[0,0],"6":[0,0],"7":[0,0],"8":[0,0]}}
,"/Users/theodoredumont/Documents/Flipted-Hydro/src/Components/Text.js": {"path":"/Users/theodoredumont/Documents/Flipted-Hydro/src/Components/Text.js","statementMap":{"0":{"start":{"line":4,"column":4},"end":{"line":8,"column":6}}},"fnMap":{"0":{"name":"TextTask","decl":{"start":{"line":3,"column":16},"end":{"line":3,"column":24}},"loc":{"start":{"line":3,"column":32},"end":{"line":9,"column":1}},"line":3}},"branchMap":{},"s":{"0":0},"f":{"0":0},"b":{}}
,"/Users/theodoredumont/Documents/Flipted-Hydro/src/Components/Video.js": {"path":"/Users/theodoredumont/Documents/Flipted-Hydro/src/Components/Video.js","statementMap":{"0":{"start":{"line":6,"column":4},"end":{"line":10,"column":6}}},"fnMap":{"0":{"name":"Video","decl":{"start":{"line":5,"column":9},"end":{"line":5,"column":14}},"loc":{"start":{"line":5,"column":22},"end":{"line":11,"column":2}},"line":5}},"branchMap":{},"s":{"0":0},"f":{"0":0},"b":{}}
}
