TN:
SF:src/App.js
FN:37,App
FN:48,(anonymous_1)
FN:50,(anonymous_2)
FN:53,(anonymous_3)
FN:69,(anonymous_4)
FN:71,(anonymous_5)
FN:99,(anonymous_6)
FN:107,(anonymous_7)
FN:112,(anonymous_8)
FN:119,(anonymous_9)
FN:134,(anonymous_10)
FN:135,(anonymous_11)
FN:168,(anonymous_12)
FN:172,(anonymous_13)
FNF:14
FNH:0
FNDA:0,App
FNDA:0,(anonymous_1)
FNDA:0,(anonymous_2)
FNDA:0,(anonymous_3)
FNDA:0,(anonymous_4)
FNDA:0,(anonymous_5)
FNDA:0,(anonymous_6)
FNDA:0,(anonymous_7)
FNDA:0,(anonymous_8)
FNDA:0,(anonymous_9)
FNDA:0,(anonymous_10)
FNDA:0,(anonymous_11)
FNDA:0,(anonymous_12)
FNDA:0,(anonymous_13)
DA:17,0
DA:20,0
DA:38,0
DA:39,0
DA:48,0
DA:49,0
DA:51,0
DA:63,0
DA:69,0
DA:70,0
DA:71,0
DA:72,0
DA:74,0
DA:82,0
DA:99,0
DA:101,0
DA:103,0
DA:107,0
DA:112,0
DA:113,0
DA:114,0
DA:119,0
DA:120,0
DA:121,0
DA:134,0
DA:135,0
DA:136,0
DA:138,0
DA:139,0
DA:140,0
DA:142,0
DA:143,0
DA:145,0
DA:146,0
DA:148,0
DA:149,0
DA:151,0
DA:152,0
DA:154,0
DA:157,0
DA:160,0
DA:168,0
DA:172,0
LF:43
LH:0
BRDA:66,0,0,0
BRDA:66,0,1,0
BRDA:70,1,0,0
BRDA:70,1,1,0
BRDA:93,2,0,0
BRDA:93,2,1,0
BRDA:101,3,0,0
BRDA:101,3,1,0
BRDA:136,4,0,0
BRDA:136,4,1,0
BRDA:136,4,2,0
BRDA:136,4,3,0
BRDA:136,4,4,0
BRDA:136,4,5,0
BRDA:166,5,0,0
BRDA:166,5,1,0
BRF:16
BRH:0
end_of_record
TN:
SF:src/Components/CourseScreen.js
FN:7,CourseScreen
FN:14,(anonymous_1)
FN:17,(anonymous_2)
FN:28,(anonymous_3)
FN:31,(anonymous_4)
FN:41,(anonymous_5)
FN:49,(anonymous_6)
FN:69,(anonymous_7)
FNF:8
FNH:0
FNDA:0,CourseScreen
FNDA:0,(anonymous_1)
FNDA:0,(anonymous_2)
FNDA:0,(anonymous_3)
FNDA:0,(anonymous_4)
FNDA:0,(anonymous_5)
FNDA:0,(anonymous_6)
FNDA:0,(anonymous_7)
DA:9,0
DA:10,0
DA:11,0
DA:12,0
DA:14,0
DA:15,0
DA:16,0
DA:17,0
DA:18,0
DA:19,0
DA:20,0
DA:23,0
DA:24,0
DA:28,0
DA:29,0
DA:30,0
DA:31,0
DA:32,0
DA:33,0
DA:36,0
DA:37,0
DA:41,0
DA:43,0
DA:44,0
DA:45,0
DA:46,0
DA:49,0
DA:50,0
DA:58,0
DA:69,0
LF:30
LH:0
BRDA:43,0,0,0
BRDA:43,0,1,0
BRDA:44,1,0,0
BRDA:44,1,1,0
BRF:4
BRH:0
end_of_record
TN:
SF:src/Components/FRQuestion.js
FN:7,FRQuestion
FN:11,(anonymous_1)
FN:20,(anonymous_2)
FN:39,saveResponse
FN:51,(anonymous_4)
FN:55,(anonymous_5)
FNF:6
FNH:0
FNDA:0,FRQuestion
FNDA:0,(anonymous_1)
FNDA:0,(anonymous_2)
FNDA:0,saveResponse
FNDA:0,(anonymous_4)
FNDA:0,(anonymous_5)
DA:8,0
DA:9,0
DA:10,0
DA:13,0
DA:18,0
DA:21,0
DA:32,0
DA:40,0
DA:51,0
DA:52,0
DA:55,0
DA:56,0
DA:57,0
DA:58,0
DA:61,0
LF:15
LH:0
BRDA:20,0,0,0
BRF:1
BRH:0
end_of_record
TN:
SF:src/Components/FillBlank.js
FN:5,FillBlank
FN:8,(anonymous_1)
FN:17,(anonymous_2)
FN:18,(anonymous_3)
FN:18,(anonymous_4)
FNF:5
FNH:0
FNDA:0,FillBlank
FNDA:0,(anonymous_1)
FNDA:0,(anonymous_2)
FNDA:0,(anonymous_3)
FNDA:0,(anonymous_4)
DA:7,0
DA:8,0
DA:9,0
DA:12,0
DA:17,0
DA:18,0
DA:21,0
LF:7
LH:0
BRF:0
BRH:0
end_of_record
TN:
SF:src/Components/Goal.js
FN:7,strip_subgoal_id
FN:10,(anonymous_1)
FN:22,Goal
FN:33,(anonymous_3)
FN:51,(anonymous_4)
FN:80,handleCompleteSubGoal
FN:84,(anonymous_6)
FN:107,handleStarGoal
FN:125,SubGoal
FN:130,(anonymous_9)
FN:136,SubGoalList
FN:137,(anonymous_11)
FN:142,toggleOpenGoal
FN:152,(anonymous_13)
FNF:14
FNH:0
FNDA:0,strip_subgoal_id
FNDA:0,(anonymous_1)
FNDA:0,Goal
FNDA:0,(anonymous_3)
FNDA:0,(anonymous_4)
FNDA:0,handleCompleteSubGoal
FNDA:0,(anonymous_6)
FNDA:0,handleStarGoal
FNDA:0,SubGoal
FNDA:0,(anonymous_9)
FNDA:0,SubGoalList
FNDA:0,(anonymous_11)
FNDA:0,toggleOpenGoal
FNDA:0,(anonymous_13)
DA:8,0
DA:11,0
DA:24,0
DA:25,0
DA:27,0
DA:34,0
DA:49,0
DA:53,0
DA:58,0
DA:82,0
DA:85,0
DA:95,0
DA:103,0
DA:104,0
DA:109,0
DA:114,0
DA:126,0
DA:130,0
DA:137,0
DA:138,0
DA:143,0
DA:144,0
DA:147,0
DA:152,0
LF:24
LH:0
BRDA:89,0,0,0
BRDA:89,0,1,0
BRDA:127,1,0,0
BRDA:127,1,1,0
BRDA:130,2,0,0
BRDA:130,2,1,0
BRDA:143,3,0,0
BRDA:143,3,1,0
BRDA:150,4,0,0
BRDA:150,4,1,0
BRDA:152,5,0,0
BRDA:152,5,1,0
BRDA:154,6,0,0
BRDA:154,6,1,0
BRF:14
BRH:0
end_of_record
TN:
SF:src/Components/GoalForm.js
FN:8,(anonymous_0)
FN:17,GoalForm
FN:29,submitNewGoal
FN:45,handleAddSubgoal
FN:53,handleAddGoal
FN:71,(anonymous_5)
FN:73,(anonymous_6)
FN:75,(anonymous_7)
FN:78,(anonymous_8)
FN:80,(anonymous_9)
FN:85,(anonymous_10)
FNF:11
FNH:0
FNDA:0,(anonymous_0)
FNDA:0,GoalForm
FNDA:0,submitNewGoal
FNDA:0,handleAddSubgoal
FNDA:0,handleAddGoal
FNDA:0,(anonymous_5)
FNDA:0,(anonymous_6)
FNDA:0,(anonymous_7)
FNDA:0,(anonymous_8)
FNDA:0,(anonymous_9)
FNDA:0,(anonymous_10)
DA:8,0
DA:19,0
DA:20,0
DA:21,0
DA:22,0
DA:25,0
DA:26,0
DA:27,0
DA:31,0
DA:46,0
DA:47,0
DA:48,0
DA:49,0
DA:54,0
DA:55,0
DA:56,0
DA:57,0
DA:58,0
DA:59,0
DA:63,0
DA:65,0
DA:71,0
DA:73,0
DA:75,0
DA:78,0
DA:80,0
DA:86,0
LF:27
LH:0
BRDA:46,0,0,0
BRDA:46,0,1,0
BRDA:46,1,0,0
BRDA:46,1,1,0
BRDA:54,2,0,0
BRDA:54,2,1,0
BRDA:54,3,0,0
BRDA:54,3,1,0
BRDA:54,3,2,0
BRF:9
BRH:0
end_of_record
TN:
SF:src/Components/GoalList.js
FN:9,GoalList
FN:26,(anonymous_1)
FN:29,DropDown
FN:34,(anonymous_3)
FN:40,DisplayDropDownList
FN:43,(anonymous_5)
FN:44,(anonymous_6)
FN:46,(anonymous_7)
FN:54,StarredGoalList
FN:55,(anonymous_9)
FN:55,(anonymous_10)
FN:60,UnstarredGoalList
FN:61,(anonymous_12)
FN:61,(anonymous_13)
FN:68,GoalsDisplay
FN:72,(anonymous_15)
FN:87,closeGoalForm
FN:92,NewGoalFormDisplay
FNF:18
FNH:0
FNDA:0,GoalList
FNDA:0,(anonymous_1)
FNDA:0,DropDown
FNDA:0,(anonymous_3)
FNDA:0,DisplayDropDownList
FNDA:0,(anonymous_5)
FNDA:0,(anonymous_6)
FNDA:0,(anonymous_7)
FNDA:0,StarredGoalList
FNDA:0,(anonymous_9)
FNDA:0,(anonymous_10)
FNDA:0,UnstarredGoalList
FNDA:0,(anonymous_12)
FNDA:0,(anonymous_13)
FNDA:0,GoalsDisplay
FNDA:0,(anonymous_15)
FNDA:0,closeGoalForm
FNDA:0,NewGoalFormDisplay
DA:11,0
DA:14,0
DA:16,0
DA:18,0
DA:19,0
DA:21,0
DA:22,0
DA:25,0
DA:26,0
DA:30,0
DA:32,0
DA:34,0
DA:41,0
DA:44,0
DA:46,0
DA:55,0
DA:56,0
DA:61,0
DA:62,0
DA:69,0
DA:72,0
DA:88,0
DA:89,0
DA:93,0
DA:103,0
LF:25
LH:0
BRDA:18,0,0,0
BRDA:18,0,1,0
BRDA:21,1,0,0
BRDA:21,1,1,0
BRDA:34,2,0,0
BRDA:34,2,1,0
BRDA:36,3,0,0
BRDA:36,3,1,0
BRDA:55,4,0,0
BRDA:55,4,1,0
BRDA:55,4,2,0
BRDA:61,5,0,0
BRDA:61,5,1,0
BRDA:61,5,2,0
BRDA:105,6,0,0
BRDA:105,6,1,0
BRF:16
BRH:0
end_of_record
TN:
SF:src/Components/GradeScreen.js
FN:14,getLineStyle
FN:25,LearningTarget
FN:42,(anonymous_2)
FN:48,(anonymous_3)
FN:54,(anonymous_4)
FN:72,GradeScreen
FN:73,(anonymous_6)
FNF:7
FNH:5
FNDA:6,getLineStyle
FNDA:2,LearningTarget
FNDA:2,(anonymous_2)
FNDA:2,(anonymous_3)
FNDA:2,(anonymous_4)
FNDA:0,GradeScreen
FNDA:0,(anonymous_6)
DA:4,1
DA:15,6
DA:26,2
DA:27,2
DA:28,2
DA:30,2
DA:35,2
DA:37,2
DA:39,2
DA:42,2
DA:43,2
DA:44,1
DA:46,1
DA:48,2
DA:49,2
DA:50,0
DA:52,2
DA:54,2
DA:55,2
DA:56,0
DA:58,2
DA:61,2
DA:73,0
DA:74,0
DA:84,0
LF:25
LH:20
BRDA:17,0,0,5
BRDA:17,0,1,1
BRDA:43,1,0,1
BRDA:43,1,1,1
BRDA:49,2,0,0
BRDA:49,2,1,2
BRDA:55,3,0,0
BRDA:55,3,1,2
BRF:8
BRH:6
end_of_record
TN:
SF:src/Components/Image.js
FN:3,Image
FNF:1
FNH:0
FNDA:0,Image
DA:4,0
DA:5,0
DA:8,0
LF:3
LH:0
BRDA:4,0,0,0
BRDA:4,0,1,0
BRF:2
BRH:0
end_of_record
TN:
SF:src/Components/MCQuestion.js
FN:8,MCQuestion
FN:12,(anonymous_1)
FN:22,(anonymous_2)
FN:42,saveResponse
FN:53,(anonymous_4)
FN:60,(anonymous_5)
FN:61,(anonymous_6)
FNF:7
FNH:0
FNDA:0,MCQuestion
FNDA:0,(anonymous_1)
FNDA:0,(anonymous_2)
FNDA:0,saveResponse
FNDA:0,(anonymous_4)
FNDA:0,(anonymous_5)
FNDA:0,(anonymous_6)
DA:9,0
DA:10,0
DA:11,0
DA:14,0
DA:20,0
DA:23,0
DA:34,0
DA:43,0
DA:53,0
DA:54,0
DA:55,0
DA:56,0
DA:57,0
DA:60,0
DA:61,0
DA:62,0
DA:76,0
LF:17
LH:0
BRDA:22,0,0,0
BRDA:67,1,0,0
BRDA:67,1,1,0
BRF:3
BRH:0
end_of_record
TN:
SF:src/Components/MTaskOverview.js
FN:7,MTaskOverview
FN:15,(anonymous_1)
FN:17,(anonymous_2)
FN:24,changeToTaskScreen
FN:42,(anonymous_4)
FNF:5
FNH:0
FNDA:0,MTaskOverview
FNDA:0,(anonymous_1)
FNDA:0,(anonymous_2)
FNDA:0,changeToTaskScreen
FNDA:0,(anonymous_4)
DA:5,0
DA:9,0
DA:11,0
DA:12,0
DA:15,0
DA:16,0
DA:17,0
DA:18,0
DA:25,0
DA:26,0
DA:34,0
DA:42,0
LF:12
LH:0
BRDA:11,0,0,0
BRDA:11,0,1,0
BRDA:16,1,0,0
BRDA:16,1,1,0
BRF:4
BRH:0
end_of_record
TN:
SF:src/Components/Mission.js
FN:8,Mission
FN:31,displayMissions
FN:32,(anonymous_2)
FN:42,changeFocusedTask
FN:54,renderTask
FN:58,(anonymous_5)
FN:69,renderSubMission
FNF:7
FNH:0
FNDA:0,Mission
FNDA:0,displayMissions
FNDA:0,(anonymous_2)
FNDA:0,changeFocusedTask
FNDA:0,renderTask
FNDA:0,(anonymous_5)
FNDA:0,renderSubMission
DA:9,0
DA:11,0
DA:15,0
DA:17,0
DA:21,0
DA:22,0
DA:23,0
DA:28,0
DA:29,0
DA:32,0
DA:33,0
DA:34,0
DA:36,0
DA:37,0
DA:43,0
DA:44,0
DA:55,0
DA:58,0
DA:70,0
DA:79,0
LF:20
LH:0
BRDA:17,0,0,0
BRDA:17,0,1,0
BRDA:21,1,0,0
BRDA:21,1,1,0
BRDA:33,2,0,0
BRDA:33,2,1,0
BRDA:36,3,0,0
BRDA:36,3,1,0
BRDA:92,4,0,0
BRDA:92,4,1,0
BRF:10
BRH:0
end_of_record
TN:
SF:src/Components/MissionsScreen.js
FN:12,MissionsScreen
FN:46,MissionsScreenDisplay
FN:48,displayMissionList
FN:50,(anonymous_3)
FN:51,(anonymous_4)
FN:57,MissionOverview
FN:80,(anonymous_6)
FN:103,calculateMissionProgress
FN:128,redirectToMission
FNF:9
FNH:8
FNDA:0,MissionsScreen
FNDA:4,MissionsScreenDisplay
FNDA:4,displayMissionList
FNDA:12,(anonymous_3)
FNDA:1,(anonymous_4)
FNDA:2,MissionOverview
FNDA:1,(anonymous_6)
FNDA:3,calculateMissionProgress
FNDA:2,redirectToMission
DA:9,1
DA:14,0
DA:16,0
DA:18,0
DA:22,0
DA:26,0
DA:32,0
DA:33,0
DA:35,0
DA:42,0
DA:49,4
DA:51,12
DA:59,2
DA:60,1
DA:61,1
DA:80,1
DA:85,0
DA:88,4
DA:106,3
DA:107,3
DA:108,3
DA:109,2
DA:114,3
DA:115,1
DA:116,1
DA:120,2
DA:121,2
DA:122,2
DA:123,8
DA:125,2
DA:129,2
LF:31
LH:21
BRDA:26,0,0,0
BRDA:26,0,1,0
BRDA:26,1,0,0
BRDA:26,1,1,0
BRDA:32,2,0,0
BRDA:32,2,1,0
BRDA:32,3,0,0
BRDA:32,3,1,0
BRDA:59,4,0,1
BRDA:59,4,1,0
BRDA:93,5,0,3
BRDA:93,5,1,1
BRDA:108,6,0,2
BRDA:108,6,1,1
BRDA:114,7,0,1
BRDA:114,7,1,2
BRDA:123,8,0,6
BRDA:123,8,1,2
BRF:18
BRH:9
end_of_record
TN:
SF:src/Components/MultiSelect.js
FN:9,MultiSelect
FN:12,(anonymous_1)
FN:16,(anonymous_2)
FNF:3
FNH:0
FNDA:0,MultiSelect
FNDA:0,(anonymous_1)
FNDA:0,(anonymous_2)
DA:10,0
DA:12,0
DA:13,0
DA:16,0
DA:17,0
DA:20,0
LF:6
LH:0
BRF:0
BRH:0
end_of_record
TN:
SF:src/Components/NavDrawer.js
FN:29,NavDrawer
FN:33,(anonymous_1)
FN:33,(anonymous_2)
FN:41,(anonymous_3)
FN:58,(anonymous_4)
FN:63,(anonymous_5)
FN:68,(anonymous_6)
FN:73,(anonymous_7)
FNF:8
FNH:0
FNDA:0,NavDrawer
FNDA:0,(anonymous_1)
FNDA:0,(anonymous_2)
FNDA:0,(anonymous_3)
FNDA:0,(anonymous_4)
FNDA:0,(anonymous_5)
FNDA:0,(anonymous_6)
FNDA:0,(anonymous_7)
DA:20,0
DA:30,0
DA:31,0
DA:33,0
DA:34,0
DA:35,0
DA:38,0
DA:41,0
DA:42,0
DA:58,0
DA:63,0
DA:68,0
DA:73,0
DA:83,0
LF:14
LH:0
BRDA:34,0,0,0
BRDA:34,0,1,0
BRDA:34,1,0,0
BRDA:34,1,1,0
BRDA:34,1,2,0
BRDA:44,2,0,0
BRDA:44,2,1,0
BRF:7
BRH:0
end_of_record
TN:
SF:src/Components/ProgressBar.js
FN:4,ProgressBar
FN:31,getDone
FN:46,getLeft
FNF:3
FNH:3
FNDA:2,ProgressBar
FNDA:1,getDone
FNDA:1,getLeft
DA:5,2
DA:6,1
DA:7,1
DA:8,1
DA:10,1
DA:11,1
DA:12,1
DA:14,0
DA:16,1
DA:17,1
DA:18,1
DA:19,1
DA:21,0
DA:23,1
DA:26,1
DA:32,1
DA:41,1
DA:47,1
DA:56,1
DA:61,1
LF:20
LH:18
BRDA:5,0,0,1
BRDA:5,0,1,0
BRDA:6,1,0,1
BRDA:6,1,1,0
BRDA:7,2,0,1
BRDA:7,2,1,0
BRDA:8,3,0,1
BRDA:8,3,1,0
BRDA:11,4,0,1
BRDA:11,4,1,0
BRDA:18,5,0,1
BRDA:18,5,1,0
BRF:12
BRH:6
end_of_record
TN:
SF:src/Components/Task.js
FN:16,createTextBlock
FN:22,createImageBlock
FN:28,createVideoBlock
FN:34,createMCQuestionBlock
FN:52,createFRQuestionBlock
FN:69,Task
FN:107,(anonymous_6)
FN:117,(anonymous_7)
FN:124,(anonymous_8)
FN:138,createMCQuestionCallback
FN:139,(anonymous_10)
FN:154,createFRQuestionCallback
FN:155,(anonymous_12)
FN:166,renderHeader
FN:191,renderPrevButton
FN:193,(anonymous_15)
FN:200,renderNextButton
FN:202,(anonymous_17)
FN:208,renderRubricButton
FN:209,(anonymous_19)
FN:212,renderReviewButton
FN:213,(anonymous_21)
FN:216,requirementsCompleted
FN:226,renderPage
FN:234,(anonymous_24)
FN:245,(anonymous_25)
FN:249,(anonymous_26)
FN:257,(anonymous_27)
FNF:28
FNH:0
FNDA:0,createTextBlock
FNDA:0,createImageBlock
FNDA:0,createVideoBlock
FNDA:0,createMCQuestionBlock
FNDA:0,createFRQuestionBlock
FNDA:0,Task
FNDA:0,(anonymous_6)
FNDA:0,(anonymous_7)
FNDA:0,(anonymous_8)
FNDA:0,createMCQuestionCallback
FNDA:0,(anonymous_10)
FNDA:0,createFRQuestionCallback
FNDA:0,(anonymous_12)
FNDA:0,renderHeader
FNDA:0,renderPrevButton
FNDA:0,(anonymous_15)
FNDA:0,renderNextButton
FNDA:0,(anonymous_17)
FNDA:0,renderRubricButton
FNDA:0,(anonymous_19)
FNDA:0,renderReviewButton
FNDA:0,(anonymous_21)
FNDA:0,requirementsCompleted
FNDA:0,renderPage
FNDA:0,(anonymous_24)
FNDA:0,(anonymous_25)
FNDA:0,(anonymous_26)
FNDA:0,(anonymous_27)
DA:17,0
DA:23,0
DA:29,0
DA:36,0
DA:37,0
DA:40,0
DA:54,0
DA:55,0
DA:58,0
DA:71,0
DA:73,0
DA:77,0
DA:78,0
DA:79,0
DA:81,0
DA:87,0
DA:88,0
DA:90,0
DA:97,0
DA:98,0
DA:99,0
DA:100,0
DA:102,0
DA:103,0
DA:104,0
DA:105,0
DA:107,0
DA:108,0
DA:109,0
DA:111,0
DA:112,0
DA:113,0
DA:117,0
DA:118,0
DA:119,0
DA:120,0
DA:124,0
DA:125,0
DA:126,0
DA:139,0
DA:140,0
DA:146,0
DA:155,0
DA:156,0
DA:162,0
DA:167,0
DA:192,0
DA:193,0
DA:201,0
DA:202,0
DA:209,0
DA:213,0
DA:217,0
DA:218,0
DA:219,0
DA:220,0
DA:223,0
DA:227,0
DA:229,0
DA:231,0
DA:232,0
DA:234,0
DA:235,0
DA:236,0
DA:238,0
DA:239,0
DA:241,0
DA:242,0
DA:244,0
DA:245,0
DA:246,0
DA:247,0
DA:249,0
DA:254,0
DA:255,0
DA:257,0
DA:263,0
DA:265,0
DA:266,0
DA:270,0
DA:272,0
DA:275,0
DA:282,0
LF:83
LH:0
BRDA:36,0,0,0
BRDA:36,0,1,0
BRDA:54,1,0,0
BRDA:54,1,1,0
BRDA:81,2,0,0
BRDA:81,2,1,0
BRDA:87,3,0,0
BRDA:87,3,1,0
BRDA:108,4,0,0
BRDA:108,4,1,0
BRDA:108,5,0,0
BRDA:108,5,1,0
BRDA:111,6,0,0
BRDA:111,6,1,0
BRDA:118,7,0,0
BRDA:118,7,1,0
BRDA:183,8,0,0
BRDA:183,8,1,0
BRDA:194,9,0,0
BRDA:194,9,1,0
BRDA:201,10,0,0
BRDA:201,10,1,0
BRDA:219,11,0,0
BRDA:219,11,1,0
BRDA:229,12,0,0
BRDA:229,12,1,0
BRDA:235,13,0,0
BRDA:235,13,1,0
BRDA:238,14,0,0
BRDA:238,14,1,0
BRDA:241,15,0,0
BRDA:241,15,1,0
BRDA:244,16,0,0
BRDA:244,16,1,0
BRDA:246,17,0,0
BRDA:246,17,1,0
BRDA:254,18,0,0
BRDA:254,18,1,0
BRDA:283,19,0,0
BRDA:283,19,1,0
BRF:40
BRH:0
end_of_record
TN:
SF:src/Components/TaskRubricDrawer.js
FN:27,TaskRubricDrawer
FN:35,isComplete
FN:39,completeRequirement
FN:62,uncheck
FN:72,requirementsCompleted
FN:76,(anonymous_5)
FN:76,(anonymous_6)
FN:84,(anonymous_7)
FN:95,(anonymous_8)
FN:102,(anonymous_9)
FN:104,(anonymous_10)
FNF:11
FNH:0
FNDA:0,TaskRubricDrawer
FNDA:0,isComplete
FNDA:0,completeRequirement
FNDA:0,uncheck
FNDA:0,requirementsCompleted
FNDA:0,(anonymous_5)
FNDA:0,(anonymous_6)
FNDA:0,(anonymous_7)
FNDA:0,(anonymous_8)
FNDA:0,(anonymous_9)
FNDA:0,(anonymous_10)
DA:18,0
DA:28,0
DA:29,0
DA:31,0
DA:33,0
DA:36,0
DA:41,0
DA:42,0
DA:43,0
DA:51,0
DA:52,0
DA:53,0
DA:63,0
DA:64,0
DA:65,0
DA:66,0
DA:69,0
DA:73,0
DA:76,0
DA:77,0
DA:78,0
DA:81,0
DA:84,0
DA:85,0
DA:95,0
DA:104,0
DA:119,0
LF:27
LH:0
BRDA:33,0,0,0
BRDA:33,0,1,0
BRDA:41,1,0,0
BRDA:41,1,1,0
BRDA:65,2,0,0
BRDA:65,2,1,0
BRDA:77,3,0,0
BRDA:77,3,1,0
BRDA:77,4,0,0
BRDA:77,4,1,0
BRDA:77,4,2,0
BRDA:87,5,0,0
BRDA:87,5,1,0
BRDA:105,6,0,0
BRDA:105,6,1,0
BRDA:110,7,0,0
BRDA:110,7,1,0
BRDA:111,8,0,0
BRDA:111,8,1,0
BRF:19
BRH:0
end_of_record
TN:
SF:src/Components/Text.js
FN:3,TextTask
FNF:1
FNH:0
FNDA:0,TextTask
DA:4,0
LF:1
LH:0
BRF:0
BRH:0
end_of_record
TN:
SF:src/Components/Video.js
FN:5,Video
FNF:1
FNH:0
FNDA:0,Video
DA:6,0
LF:1
LH:0
BRF:0
BRH:0
end_of_record
